22:44:42 [qtp1864820597-18] ERROR org.thymeleaf.TemplateEngine - [THYMELEAF][qtp1864820597-18] Exception processing template "order/order-confirmation.html": Exception evaluating OGNL expression: "order.getId()" (template: "order/order-confirmation.html" - line 36, col 108)
org.thymeleaf.exceptions.TemplateProcessingException: Exception evaluating OGNL expression: "order.getId()" (template: "order/order-confirmation.html" - line 36, col 108)
	at org.thymeleaf.standard.expression.OGNLVariableExpressionEvaluator.evaluate(OGNLVariableExpressionEvaluator.java:191) ~[thymeleaf-3.0.11.RELEASE.jar:3.0.11.RELEASE]
	at org.thymeleaf.standard.expression.OGNLVariableExpressionEvaluator.evaluate(OGNLVariableExpressionEvaluator.java:95) ~[thymeleaf-3.0.11.RELEASE.jar:3.0.11.RELEASE]
	at org.thymeleaf.standard.expression.VariableExpression.executeVariableExpression(VariableExpression.java:166) ~[thymeleaf-3.0.11.RELEASE.jar:3.0.11.RELEASE]
	at org.thymeleaf.standard.expression.SimpleExpression.executeSimple(SimpleExpression.java:66) ~[thymeleaf-3.0.11.RELEASE.jar:3.0.11.RELEASE]
	at org.thymeleaf.standard.expression.Expression.execute(Expression.java:109) ~[thymeleaf-3.0.11.RELEASE.jar:3.0.11.RELEASE]
	at org.thymeleaf.standard.expression.AdditionExpression.executeAddition(AdditionExpression.java:96) ~[thymeleaf-3.0.11.RELEASE.jar:3.0.11.RELEASE]
	at org.thymeleaf.standard.expression.ComplexExpression.executeComplex(ComplexExpression.java:62) ~[thymeleaf-3.0.11.RELEASE.jar:3.0.11.RELEASE]
	at org.thymeleaf.standard.expression.Expression.execute(Expression.java:112) ~[thymeleaf-3.0.11.RELEASE.jar:3.0.11.RELEASE]
	at org.thymeleaf.standard.expression.Expression.execute(Expression.java:138) ~[thymeleaf-3.0.11.RELEASE.jar:3.0.11.RELEASE]
	at org.thymeleaf.standard.processor.AbstractStandardExpressionAttributeTagProcessor.doProcess(AbstractStandardExpressionAttributeTagProcessor.java:144) ~[thymeleaf-3.0.11.RELEASE.jar:3.0.11.RELEASE]
	at org.thymeleaf.processor.element.AbstractAttributeTagProcessor.doProcess(AbstractAttributeTagProcessor.java:74) ~[thymeleaf-3.0.11.RELEASE.jar:3.0.11.RELEASE]
	at org.thymeleaf.processor.element.AbstractElementTagProcessor.process(AbstractElementTagProcessor.java:95) ~[thymeleaf-3.0.11.RELEASE.jar:3.0.11.RELEASE]
	at org.thymeleaf.util.ProcessorConfigurationUtils$ElementTagProcessorWrapper.process(ProcessorConfigurationUtils.java:633) ~[thymeleaf-3.0.11.RELEASE.jar:3.0.11.RELEASE]
	at org.thymeleaf.engine.ProcessorTemplateHandler.handleOpenElement(ProcessorTemplateHandler.java:1314) ~[thymeleaf-3.0.11.RELEASE.jar:3.0.11.RELEASE]
	at org.thymeleaf.engine.OpenElementTag.beHandled(OpenElementTag.java:205) ~[thymeleaf-3.0.11.RELEASE.jar:3.0.11.RELEASE]
	at org.thymeleaf.engine.TemplateModel.process(TemplateModel.java:136) ~[thymeleaf-3.0.11.RELEASE.jar:3.0.11.RELEASE]
	at org.thymeleaf.engine.TemplateManager.parseAndProcess(TemplateManager.java:661) ~[thymeleaf-3.0.11.RELEASE.jar:3.0.11.RELEASE]
	at org.thymeleaf.TemplateEngine.process(TemplateEngine.java:1098) ~[thymeleaf-3.0.11.RELEASE.jar:3.0.11.RELEASE]
	at org.thymeleaf.TemplateEngine.process(TemplateEngine.java:1067) ~[thymeleaf-3.0.11.RELEASE.jar:3.0.11.RELEASE]
	at com.codecool.shop.controller.order.OrderConfirmationController.doGet(OrderConfirmationController.java:49) ~[classes/:na]
	at javax.servlet.http.HttpServlet.service(HttpServlet.java:687) ~[javax.servlet-api-3.1.0.jar:3.1.0]
	at javax.servlet.http.HttpServlet.service(HttpServlet.java:790) ~[javax.servlet-api-3.1.0.jar:3.1.0]
	at org.eclipse.jetty.servlet.ServletHolder$NotAsyncServlet.service(ServletHolder.java:1402) ~[na:na]
	at org.eclipse.jetty.servlet.ServletHolder.handle(ServletHolder.java:763) ~[na:na]
	at org.eclipse.jetty.servlet.ServletHandler$CachedChain.doFilter(ServletHandler.java:1631) ~[na:na]
	at org.eclipse.jetty.websocket.server.WebSocketUpgradeFilter.doFilter(WebSocketUpgradeFilter.java:226) ~[websocket-server-9.4.30.v20200611.jar:9.4.30.v20200611]
	at org.eclipse.jetty.servlet.ServletHandler$CachedChain.doFilter(ServletHandler.java:1618) ~[na:na]
	at org.eclipse.jetty.servlet.ServletHandler.doHandle(ServletHandler.java:549) ~[na:na]
	at org.eclipse.jetty.server.handler.ScopedHandler.handle(ScopedHandler.java:143) ~[na:na]
	at org.eclipse.jetty.security.SecurityHandler.handle(SecurityHandler.java:602) ~[na:na]
	at org.eclipse.jetty.server.handler.HandlerWrapper.handle(HandlerWrapper.java:127) ~[na:na]
	at org.eclipse.jetty.server.handler.ScopedHandler.nextHandle(ScopedHandler.java:235) ~[na:na]
	at org.eclipse.jetty.server.session.SessionHandler.doHandle(SessionHandler.java:1610) ~[na:na]
	at org.eclipse.jetty.server.handler.ScopedHandler.nextHandle(ScopedHandler.java:233) ~[na:na]
	at org.eclipse.jetty.server.handler.ContextHandler.doHandle(ContextHandler.java:1369) ~[na:na]
	at org.eclipse.jetty.server.handler.ScopedHandler.nextScope(ScopedHandler.java:188) ~[na:na]
	at org.eclipse.jetty.servlet.ServletHandler.doScope(ServletHandler.java:489) ~[na:na]
	at org.eclipse.jetty.server.session.SessionHandler.doScope(SessionHandler.java:1580) ~[na:na]
	at org.eclipse.jetty.server.handler.ScopedHandler.nextScope(ScopedHandler.java:186) ~[na:na]
	at org.eclipse.jetty.server.handler.ContextHandler.doScope(ContextHandler.java:1284) ~[na:na]
	at org.eclipse.jetty.server.handler.ScopedHandler.handle(ScopedHandler.java:141) ~[na:na]
	at org.eclipse.jetty.server.handler.ContextHandlerCollection.handle(ContextHandlerCollection.java:191) ~[na:na]
	at org.eclipse.jetty.server.handler.HandlerCollection.handle(HandlerCollection.java:146) ~[na:na]
	at org.eclipse.jetty.server.handler.HandlerWrapper.handle(HandlerWrapper.java:127) ~[na:na]
	at org.eclipse.jetty.server.Server.handle(Server.java:501) ~[na:na]
	at org.eclipse.jetty.server.HttpChannel.lambda$handle$1(HttpChannel.java:383) ~[na:na]
	at org.eclipse.jetty.server.HttpChannel.dispatch(HttpChannel.java:556) ~[na:na]
	at org.eclipse.jetty.server.HttpChannel.handle(HttpChannel.java:375) ~[na:na]
	at org.eclipse.jetty.server.HttpConnection.onFillable(HttpConnection.java:272) ~[na:na]
	at org.eclipse.jetty.io.AbstractConnection$ReadCallback.succeeded(AbstractConnection.java:311) ~[na:na]
	at org.eclipse.jetty.io.FillInterest.fillable(FillInterest.java:103) ~[na:na]
	at org.eclipse.jetty.io.ChannelEndPoint$1.run(ChannelEndPoint.java:104) ~[na:na]
	at org.eclipse.jetty.util.thread.strategy.EatWhatYouKill.runTask(EatWhatYouKill.java:336) ~[na:na]
	at org.eclipse.jetty.util.thread.strategy.EatWhatYouKill.doProduce(EatWhatYouKill.java:313) ~[na:na]
	at org.eclipse.jetty.util.thread.strategy.EatWhatYouKill.tryProduce(EatWhatYouKill.java:171) ~[na:na]
	at org.eclipse.jetty.util.thread.strategy.EatWhatYouKill.run(EatWhatYouKill.java:129) ~[na:na]
	at org.eclipse.jetty.util.thread.ReservedThreadExecutor$ReservedThread.run(ReservedThreadExecutor.java:375) ~[na:na]
	at org.eclipse.jetty.util.thread.QueuedThreadPool.runJob(QueuedThreadPool.java:806) ~[na:na]
	at org.eclipse.jetty.util.thread.QueuedThreadPool$Runner.run(QueuedThreadPool.java:938) ~[na:na]
	at java.base/java.lang.Thread.run(Thread.java:834) ~[na:na]
Caused by: java.lang.NullPointerException: target is null for method getId
	at ognl.OgnlRuntime.callMethod(OgnlRuntime.java:1613) ~[ognl-3.1.12.jar:na]
	at ognl.ASTMethod.getValueBody(ASTMethod.java:91) ~[ognl-3.1.12.jar:na]
	at ognl.SimpleNode.evaluateGetValueBody(SimpleNode.java:212) ~[ognl-3.1.12.jar:na]
	at ognl.SimpleNode.getValue(SimpleNode.java:258) ~[ognl-3.1.12.jar:na]
	at ognl.ASTChain.getValueBody(ASTChain.java:141) ~[ognl-3.1.12.jar:na]
	at ognl.SimpleNode.evaluateGetValueBody(SimpleNode.java:212) ~[ognl-3.1.12.jar:na]
	at ognl.SimpleNode.getValue(SimpleNode.java:258) ~[ognl-3.1.12.jar:na]
	at ognl.Ognl.getValue(Ognl.java:467) ~[ognl-3.1.12.jar:na]
	at ognl.Ognl.getValue(Ognl.java:431) ~[ognl-3.1.12.jar:na]
	at org.thymeleaf.standard.expression.OGNLVariableExpressionEvaluator.executeExpression(OGNLVariableExpressionEvaluator.java:316) ~[thymeleaf-3.0.11.RELEASE.jar:3.0.11.RELEASE]
	at org.thymeleaf.standard.expression.OGNLVariableExpressionEvaluator.evaluate(OGNLVariableExpressionEvaluator.java:170) ~[thymeleaf-3.0.11.RELEASE.jar:3.0.11.RELEASE]
	... 59 common frames omitted
22:56:23 [qtp999427036-28] ERROR org.thymeleaf.TemplateEngine - [THYMELEAF][qtp999427036-28] Exception processing template "order/order-confirmation.html": Exception evaluating OGNL expression: "order.getId()" (template: "order/order-confirmation.html" - line 36, col 108)
org.thymeleaf.exceptions.TemplateProcessingException: Exception evaluating OGNL expression: "order.getId()" (template: "order/order-confirmation.html" - line 36, col 108)
	at org.thymeleaf.standard.expression.OGNLVariableExpressionEvaluator.evaluate(OGNLVariableExpressionEvaluator.java:191) ~[thymeleaf-3.0.11.RELEASE.jar:3.0.11.RELEASE]
	at org.thymeleaf.standard.expression.OGNLVariableExpressionEvaluator.evaluate(OGNLVariableExpressionEvaluator.java:95) ~[thymeleaf-3.0.11.RELEASE.jar:3.0.11.RELEASE]
	at org.thymeleaf.standard.expression.VariableExpression.executeVariableExpression(VariableExpression.java:166) ~[thymeleaf-3.0.11.RELEASE.jar:3.0.11.RELEASE]
	at org.thymeleaf.standard.expression.SimpleExpression.executeSimple(SimpleExpression.java:66) ~[thymeleaf-3.0.11.RELEASE.jar:3.0.11.RELEASE]
	at org.thymeleaf.standard.expression.Expression.execute(Expression.java:109) ~[thymeleaf-3.0.11.RELEASE.jar:3.0.11.RELEASE]
	at org.thymeleaf.standard.expression.AdditionExpression.executeAddition(AdditionExpression.java:96) ~[thymeleaf-3.0.11.RELEASE.jar:3.0.11.RELEASE]
	at org.thymeleaf.standard.expression.ComplexExpression.executeComplex(ComplexExpression.java:62) ~[thymeleaf-3.0.11.RELEASE.jar:3.0.11.RELEASE]
	at org.thymeleaf.standard.expression.Expression.execute(Expression.java:112) ~[thymeleaf-3.0.11.RELEASE.jar:3.0.11.RELEASE]
	at org.thymeleaf.standard.expression.Expression.execute(Expression.java:138) ~[thymeleaf-3.0.11.RELEASE.jar:3.0.11.RELEASE]
	at org.thymeleaf.standard.processor.AbstractStandardExpressionAttributeTagProcessor.doProcess(AbstractStandardExpressionAttributeTagProcessor.java:144) ~[thymeleaf-3.0.11.RELEASE.jar:3.0.11.RELEASE]
	at org.thymeleaf.processor.element.AbstractAttributeTagProcessor.doProcess(AbstractAttributeTagProcessor.java:74) ~[thymeleaf-3.0.11.RELEASE.jar:3.0.11.RELEASE]
	at org.thymeleaf.processor.element.AbstractElementTagProcessor.process(AbstractElementTagProcessor.java:95) ~[thymeleaf-3.0.11.RELEASE.jar:3.0.11.RELEASE]
	at org.thymeleaf.util.ProcessorConfigurationUtils$ElementTagProcessorWrapper.process(ProcessorConfigurationUtils.java:633) ~[thymeleaf-3.0.11.RELEASE.jar:3.0.11.RELEASE]
	at org.thymeleaf.engine.ProcessorTemplateHandler.handleOpenElement(ProcessorTemplateHandler.java:1314) ~[thymeleaf-3.0.11.RELEASE.jar:3.0.11.RELEASE]
	at org.thymeleaf.engine.OpenElementTag.beHandled(OpenElementTag.java:205) ~[thymeleaf-3.0.11.RELEASE.jar:3.0.11.RELEASE]
	at org.thymeleaf.engine.TemplateModel.process(TemplateModel.java:136) ~[thymeleaf-3.0.11.RELEASE.jar:3.0.11.RELEASE]
	at org.thymeleaf.engine.TemplateManager.parseAndProcess(TemplateManager.java:592) ~[thymeleaf-3.0.11.RELEASE.jar:3.0.11.RELEASE]
	at org.thymeleaf.TemplateEngine.process(TemplateEngine.java:1098) ~[thymeleaf-3.0.11.RELEASE.jar:3.0.11.RELEASE]
	at org.thymeleaf.TemplateEngine.process(TemplateEngine.java:1067) ~[thymeleaf-3.0.11.RELEASE.jar:3.0.11.RELEASE]
	at com.codecool.shop.controller.order.OrderConfirmationController.doGet(OrderConfirmationController.java:78) ~[classes/:na]
	at javax.servlet.http.HttpServlet.service(HttpServlet.java:687) ~[javax.servlet-api-3.1.0.jar:3.1.0]
	at javax.servlet.http.HttpServlet.service(HttpServlet.java:790) ~[javax.servlet-api-3.1.0.jar:3.1.0]
	at org.eclipse.jetty.servlet.ServletHolder$NotAsyncServlet.service(ServletHolder.java:1402) ~[na:na]
	at org.eclipse.jetty.servlet.ServletHolder.handle(ServletHolder.java:763) ~[na:na]
	at org.eclipse.jetty.servlet.ServletHandler$CachedChain.doFilter(ServletHandler.java:1631) ~[na:na]
	at org.eclipse.jetty.websocket.server.WebSocketUpgradeFilter.doFilter(WebSocketUpgradeFilter.java:226) ~[websocket-server-9.4.30.v20200611.jar:9.4.30.v20200611]
	at org.eclipse.jetty.servlet.ServletHandler$CachedChain.doFilter(ServletHandler.java:1618) ~[na:na]
	at org.eclipse.jetty.servlet.ServletHandler.doHandle(ServletHandler.java:549) ~[na:na]
	at org.eclipse.jetty.server.handler.ScopedHandler.handle(ScopedHandler.java:143) ~[na:na]
	at org.eclipse.jetty.security.SecurityHandler.handle(SecurityHandler.java:602) ~[na:na]
	at org.eclipse.jetty.server.handler.HandlerWrapper.handle(HandlerWrapper.java:127) ~[na:na]
	at org.eclipse.jetty.server.handler.ScopedHandler.nextHandle(ScopedHandler.java:235) ~[na:na]
	at org.eclipse.jetty.server.session.SessionHandler.doHandle(SessionHandler.java:1610) ~[na:na]
	at org.eclipse.jetty.server.handler.ScopedHandler.nextHandle(ScopedHandler.java:233) ~[na:na]
	at org.eclipse.jetty.server.handler.ContextHandler.doHandle(ContextHandler.java:1369) ~[na:na]
	at org.eclipse.jetty.server.handler.ScopedHandler.nextScope(ScopedHandler.java:188) ~[na:na]
	at org.eclipse.jetty.servlet.ServletHandler.doScope(ServletHandler.java:489) ~[na:na]
	at org.eclipse.jetty.server.session.SessionHandler.doScope(SessionHandler.java:1580) ~[na:na]
	at org.eclipse.jetty.server.handler.ScopedHandler.nextScope(ScopedHandler.java:186) ~[na:na]
	at org.eclipse.jetty.server.handler.ContextHandler.doScope(ContextHandler.java:1284) ~[na:na]
	at org.eclipse.jetty.server.handler.ScopedHandler.handle(ScopedHandler.java:141) ~[na:na]
	at org.eclipse.jetty.server.handler.ContextHandlerCollection.handle(ContextHandlerCollection.java:191) ~[na:na]
	at org.eclipse.jetty.server.handler.HandlerCollection.handle(HandlerCollection.java:146) ~[na:na]
	at org.eclipse.jetty.server.handler.HandlerWrapper.handle(HandlerWrapper.java:127) ~[na:na]
	at org.eclipse.jetty.server.Server.handle(Server.java:501) ~[na:na]
	at org.eclipse.jetty.server.HttpChannel.lambda$handle$1(HttpChannel.java:383) ~[na:na]
	at org.eclipse.jetty.server.HttpChannel.dispatch(HttpChannel.java:556) ~[na:na]
	at org.eclipse.jetty.server.HttpChannel.handle(HttpChannel.java:375) ~[na:na]
	at org.eclipse.jetty.server.HttpConnection.onFillable(HttpConnection.java:272) ~[na:na]
	at org.eclipse.jetty.io.AbstractConnection$ReadCallback.succeeded(AbstractConnection.java:311) ~[na:na]
	at org.eclipse.jetty.io.FillInterest.fillable(FillInterest.java:103) ~[na:na]
	at org.eclipse.jetty.io.ChannelEndPoint$1.run(ChannelEndPoint.java:104) ~[na:na]
	at org.eclipse.jetty.util.thread.QueuedThreadPool.runJob(QueuedThreadPool.java:806) ~[na:na]
	at org.eclipse.jetty.util.thread.QueuedThreadPool$Runner.run(QueuedThreadPool.java:938) ~[na:na]
	at java.base/java.lang.Thread.run(Thread.java:834) ~[na:na]
Caused by: java.lang.NullPointerException: target is null for method getId
	at ognl.OgnlRuntime.callMethod(OgnlRuntime.java:1613) ~[ognl-3.1.12.jar:na]
	at ognl.ASTMethod.getValueBody(ASTMethod.java:91) ~[ognl-3.1.12.jar:na]
	at ognl.SimpleNode.evaluateGetValueBody(SimpleNode.java:212) ~[ognl-3.1.12.jar:na]
	at ognl.SimpleNode.getValue(SimpleNode.java:258) ~[ognl-3.1.12.jar:na]
	at ognl.ASTChain.getValueBody(ASTChain.java:141) ~[ognl-3.1.12.jar:na]
	at ognl.SimpleNode.evaluateGetValueBody(SimpleNode.java:212) ~[ognl-3.1.12.jar:na]
	at ognl.SimpleNode.getValue(SimpleNode.java:258) ~[ognl-3.1.12.jar:na]
	at ognl.Ognl.getValue(Ognl.java:467) ~[ognl-3.1.12.jar:na]
	at ognl.Ognl.getValue(Ognl.java:431) ~[ognl-3.1.12.jar:na]
	at org.thymeleaf.standard.expression.OGNLVariableExpressionEvaluator.executeExpression(OGNLVariableExpressionEvaluator.java:316) ~[thymeleaf-3.0.11.RELEASE.jar:3.0.11.RELEASE]
	at org.thymeleaf.standard.expression.OGNLVariableExpressionEvaluator.evaluate(OGNLVariableExpressionEvaluator.java:170) ~[thymeleaf-3.0.11.RELEASE.jar:3.0.11.RELEASE]
	... 54 common frames omitted
22:57:53 [qtp999427036-22] ERROR org.thymeleaf.TemplateEngine - [THYMELEAF][qtp999427036-22] Exception processing template "order/order-confirmation.html": Exception evaluating OGNL expression: "order.getId()" (template: "order/order-confirmation.html" - line 36, col 108)
org.thymeleaf.exceptions.TemplateProcessingException: Exception evaluating OGNL expression: "order.getId()" (template: "order/order-confirmation.html" - line 36, col 108)
	at org.thymeleaf.standard.expression.OGNLVariableExpressionEvaluator.evaluate(OGNLVariableExpressionEvaluator.java:191) ~[thymeleaf-3.0.11.RELEASE.jar:3.0.11.RELEASE]
	at org.thymeleaf.standard.expression.OGNLVariableExpressionEvaluator.evaluate(OGNLVariableExpressionEvaluator.java:95) ~[thymeleaf-3.0.11.RELEASE.jar:3.0.11.RELEASE]
	at org.thymeleaf.standard.expression.VariableExpression.executeVariableExpression(VariableExpression.java:166) ~[thymeleaf-3.0.11.RELEASE.jar:3.0.11.RELEASE]
	at org.thymeleaf.standard.expression.SimpleExpression.executeSimple(SimpleExpression.java:66) ~[thymeleaf-3.0.11.RELEASE.jar:3.0.11.RELEASE]
	at org.thymeleaf.standard.expression.Expression.execute(Expression.java:109) ~[thymeleaf-3.0.11.RELEASE.jar:3.0.11.RELEASE]
	at org.thymeleaf.standard.expression.AdditionExpression.executeAddition(AdditionExpression.java:96) ~[thymeleaf-3.0.11.RELEASE.jar:3.0.11.RELEASE]
	at org.thymeleaf.standard.expression.ComplexExpression.executeComplex(ComplexExpression.java:62) ~[thymeleaf-3.0.11.RELEASE.jar:3.0.11.RELEASE]
	at org.thymeleaf.standard.expression.Expression.execute(Expression.java:112) ~[thymeleaf-3.0.11.RELEASE.jar:3.0.11.RELEASE]
	at org.thymeleaf.standard.expression.Expression.execute(Expression.java:138) ~[thymeleaf-3.0.11.RELEASE.jar:3.0.11.RELEASE]
	at org.thymeleaf.standard.processor.AbstractStandardExpressionAttributeTagProcessor.doProcess(AbstractStandardExpressionAttributeTagProcessor.java:144) ~[thymeleaf-3.0.11.RELEASE.jar:3.0.11.RELEASE]
	at org.thymeleaf.processor.element.AbstractAttributeTagProcessor.doProcess(AbstractAttributeTagProcessor.java:74) ~[thymeleaf-3.0.11.RELEASE.jar:3.0.11.RELEASE]
	at org.thymeleaf.processor.element.AbstractElementTagProcessor.process(AbstractElementTagProcessor.java:95) ~[thymeleaf-3.0.11.RELEASE.jar:3.0.11.RELEASE]
	at org.thymeleaf.util.ProcessorConfigurationUtils$ElementTagProcessorWrapper.process(ProcessorConfigurationUtils.java:633) ~[thymeleaf-3.0.11.RELEASE.jar:3.0.11.RELEASE]
	at org.thymeleaf.engine.ProcessorTemplateHandler.handleOpenElement(ProcessorTemplateHandler.java:1314) ~[thymeleaf-3.0.11.RELEASE.jar:3.0.11.RELEASE]
	at org.thymeleaf.engine.OpenElementTag.beHandled(OpenElementTag.java:205) ~[thymeleaf-3.0.11.RELEASE.jar:3.0.11.RELEASE]
	at org.thymeleaf.engine.TemplateModel.process(TemplateModel.java:136) ~[thymeleaf-3.0.11.RELEASE.jar:3.0.11.RELEASE]
	at org.thymeleaf.engine.TemplateManager.parseAndProcess(TemplateManager.java:592) ~[thymeleaf-3.0.11.RELEASE.jar:3.0.11.RELEASE]
	at org.thymeleaf.TemplateEngine.process(TemplateEngine.java:1098) ~[thymeleaf-3.0.11.RELEASE.jar:3.0.11.RELEASE]
	at org.thymeleaf.TemplateEngine.process(TemplateEngine.java:1067) ~[thymeleaf-3.0.11.RELEASE.jar:3.0.11.RELEASE]
	at com.codecool.shop.controller.order.OrderConfirmationController.doGet(OrderConfirmationController.java:78) ~[classes/:na]
	at javax.servlet.http.HttpServlet.service(HttpServlet.java:687) ~[javax.servlet-api-3.1.0.jar:3.1.0]
	at javax.servlet.http.HttpServlet.service(HttpServlet.java:790) ~[javax.servlet-api-3.1.0.jar:3.1.0]
	at org.eclipse.jetty.servlet.ServletHolder$NotAsyncServlet.service(ServletHolder.java:1402) ~[na:na]
	at org.eclipse.jetty.servlet.ServletHolder.handle(ServletHolder.java:763) ~[na:na]
	at org.eclipse.jetty.servlet.ServletHandler$CachedChain.doFilter(ServletHandler.java:1631) ~[na:na]
	at org.eclipse.jetty.websocket.server.WebSocketUpgradeFilter.doFilter(WebSocketUpgradeFilter.java:226) ~[websocket-server-9.4.30.v20200611.jar:9.4.30.v20200611]
	at org.eclipse.jetty.servlet.ServletHandler$CachedChain.doFilter(ServletHandler.java:1618) ~[na:na]
	at org.eclipse.jetty.servlet.ServletHandler.doHandle(ServletHandler.java:549) ~[na:na]
	at org.eclipse.jetty.server.handler.ScopedHandler.handle(ScopedHandler.java:143) ~[na:na]
	at org.eclipse.jetty.security.SecurityHandler.handle(SecurityHandler.java:602) ~[na:na]
	at org.eclipse.jetty.server.handler.HandlerWrapper.handle(HandlerWrapper.java:127) ~[na:na]
	at org.eclipse.jetty.server.handler.ScopedHandler.nextHandle(ScopedHandler.java:235) ~[na:na]
	at org.eclipse.jetty.server.session.SessionHandler.doHandle(SessionHandler.java:1610) ~[na:na]
	at org.eclipse.jetty.server.handler.ScopedHandler.nextHandle(ScopedHandler.java:233) ~[na:na]
	at org.eclipse.jetty.server.handler.ContextHandler.doHandle(ContextHandler.java:1369) ~[na:na]
	at org.eclipse.jetty.server.handler.ScopedHandler.nextScope(ScopedHandler.java:188) ~[na:na]
	at org.eclipse.jetty.servlet.ServletHandler.doScope(ServletHandler.java:489) ~[na:na]
	at org.eclipse.jetty.server.session.SessionHandler.doScope(SessionHandler.java:1580) ~[na:na]
	at org.eclipse.jetty.server.handler.ScopedHandler.nextScope(ScopedHandler.java:186) ~[na:na]
	at org.eclipse.jetty.server.handler.ContextHandler.doScope(ContextHandler.java:1284) ~[na:na]
	at org.eclipse.jetty.server.handler.ScopedHandler.handle(ScopedHandler.java:141) ~[na:na]
	at org.eclipse.jetty.server.handler.ContextHandlerCollection.handle(ContextHandlerCollection.java:191) ~[na:na]
	at org.eclipse.jetty.server.handler.HandlerCollection.handle(HandlerCollection.java:146) ~[na:na]
	at org.eclipse.jetty.server.handler.HandlerWrapper.handle(HandlerWrapper.java:127) ~[na:na]
	at org.eclipse.jetty.server.Server.handle(Server.java:501) ~[na:na]
	at org.eclipse.jetty.server.HttpChannel.lambda$handle$1(HttpChannel.java:383) ~[na:na]
	at org.eclipse.jetty.server.HttpChannel.dispatch(HttpChannel.java:556) ~[na:na]
	at org.eclipse.jetty.server.HttpChannel.handle(HttpChannel.java:375) ~[na:na]
	at org.eclipse.jetty.server.HttpConnection.onFillable(HttpConnection.java:272) ~[na:na]
	at org.eclipse.jetty.io.AbstractConnection$ReadCallback.succeeded(AbstractConnection.java:311) ~[na:na]
	at org.eclipse.jetty.io.FillInterest.fillable(FillInterest.java:103) ~[na:na]
	at org.eclipse.jetty.io.ChannelEndPoint$1.run(ChannelEndPoint.java:104) ~[na:na]
	at org.eclipse.jetty.util.thread.strategy.EatWhatYouKill.runTask(EatWhatYouKill.java:336) ~[na:na]
	at org.eclipse.jetty.util.thread.strategy.EatWhatYouKill.doProduce(EatWhatYouKill.java:313) ~[na:na]
	at org.eclipse.jetty.util.thread.strategy.EatWhatYouKill.tryProduce(EatWhatYouKill.java:171) ~[na:na]
	at org.eclipse.jetty.util.thread.strategy.EatWhatYouKill.run(EatWhatYouKill.java:129) ~[na:na]
	at org.eclipse.jetty.util.thread.ReservedThreadExecutor$ReservedThread.run(ReservedThreadExecutor.java:375) ~[na:na]
	at org.eclipse.jetty.util.thread.QueuedThreadPool.runJob(QueuedThreadPool.java:806) ~[na:na]
	at org.eclipse.jetty.util.thread.QueuedThreadPool$Runner.run(QueuedThreadPool.java:938) ~[na:na]
	at java.base/java.lang.Thread.run(Thread.java:834) ~[na:na]
Caused by: java.lang.NullPointerException: target is null for method getId
	at ognl.OgnlRuntime.callMethod(OgnlRuntime.java:1613) ~[ognl-3.1.12.jar:na]
	at ognl.ASTMethod.getValueBody(ASTMethod.java:91) ~[ognl-3.1.12.jar:na]
	at ognl.SimpleNode.evaluateGetValueBody(SimpleNode.java:212) ~[ognl-3.1.12.jar:na]
	at ognl.SimpleNode.getValue(SimpleNode.java:258) ~[ognl-3.1.12.jar:na]
	at ognl.ASTChain.getValueBody(ASTChain.java:141) ~[ognl-3.1.12.jar:na]
	at ognl.SimpleNode.evaluateGetValueBody(SimpleNode.java:212) ~[ognl-3.1.12.jar:na]
	at ognl.SimpleNode.getValue(SimpleNode.java:258) ~[ognl-3.1.12.jar:na]
	at ognl.Ognl.getValue(Ognl.java:467) ~[ognl-3.1.12.jar:na]
	at ognl.Ognl.getValue(Ognl.java:431) ~[ognl-3.1.12.jar:na]
	at org.thymeleaf.standard.expression.OGNLVariableExpressionEvaluator.executeExpression(OGNLVariableExpressionEvaluator.java:316) ~[thymeleaf-3.0.11.RELEASE.jar:3.0.11.RELEASE]
	at org.thymeleaf.standard.expression.OGNLVariableExpressionEvaluator.evaluate(OGNLVariableExpressionEvaluator.java:170) ~[thymeleaf-3.0.11.RELEASE.jar:3.0.11.RELEASE]
	... 59 common frames omitted
23:12:12 [qtp880282841-20] ERROR org.thymeleaf.TemplateEngine - [THYMELEAF][qtp880282841-20] Exception processing template "order/order-confirmation.html": Exception evaluating OGNL expression: "order.getBillingAddress().getName()" (template: "order/order-confirmation.html" - line 41, col 42)
org.thymeleaf.exceptions.TemplateProcessingException: Exception evaluating OGNL expression: "order.getBillingAddress().getName()" (template: "order/order-confirmation.html" - line 41, col 42)
	at org.thymeleaf.standard.expression.OGNLVariableExpressionEvaluator.evaluate(OGNLVariableExpressionEvaluator.java:191) ~[thymeleaf-3.0.11.RELEASE.jar:3.0.11.RELEASE]
	at org.thymeleaf.standard.expression.OGNLVariableExpressionEvaluator.evaluate(OGNLVariableExpressionEvaluator.java:95) ~[thymeleaf-3.0.11.RELEASE.jar:3.0.11.RELEASE]
	at org.thymeleaf.standard.expression.VariableExpression.executeVariableExpression(VariableExpression.java:166) ~[thymeleaf-3.0.11.RELEASE.jar:3.0.11.RELEASE]
	at org.thymeleaf.standard.expression.SimpleExpression.executeSimple(SimpleExpression.java:66) ~[thymeleaf-3.0.11.RELEASE.jar:3.0.11.RELEASE]
	at org.thymeleaf.standard.expression.Expression.execute(Expression.java:109) ~[thymeleaf-3.0.11.RELEASE.jar:3.0.11.RELEASE]
	at org.thymeleaf.standard.expression.Expression.execute(Expression.java:138) ~[thymeleaf-3.0.11.RELEASE.jar:3.0.11.RELEASE]
	at org.thymeleaf.standard.processor.AbstractStandardExpressionAttributeTagProcessor.doProcess(AbstractStandardExpressionAttributeTagProcessor.java:144) ~[thymeleaf-3.0.11.RELEASE.jar:3.0.11.RELEASE]
	at org.thymeleaf.processor.element.AbstractAttributeTagProcessor.doProcess(AbstractAttributeTagProcessor.java:74) ~[thymeleaf-3.0.11.RELEASE.jar:3.0.11.RELEASE]
	at org.thymeleaf.processor.element.AbstractElementTagProcessor.process(AbstractElementTagProcessor.java:95) ~[thymeleaf-3.0.11.RELEASE.jar:3.0.11.RELEASE]
	at org.thymeleaf.util.ProcessorConfigurationUtils$ElementTagProcessorWrapper.process(ProcessorConfigurationUtils.java:633) ~[thymeleaf-3.0.11.RELEASE.jar:3.0.11.RELEASE]
	at org.thymeleaf.engine.ProcessorTemplateHandler.handleOpenElement(ProcessorTemplateHandler.java:1314) ~[thymeleaf-3.0.11.RELEASE.jar:3.0.11.RELEASE]
	at org.thymeleaf.engine.OpenElementTag.beHandled(OpenElementTag.java:205) ~[thymeleaf-3.0.11.RELEASE.jar:3.0.11.RELEASE]
	at org.thymeleaf.engine.TemplateModel.process(TemplateModel.java:136) ~[thymeleaf-3.0.11.RELEASE.jar:3.0.11.RELEASE]
	at org.thymeleaf.engine.TemplateManager.parseAndProcess(TemplateManager.java:661) ~[thymeleaf-3.0.11.RELEASE.jar:3.0.11.RELEASE]
	at org.thymeleaf.TemplateEngine.process(TemplateEngine.java:1098) ~[thymeleaf-3.0.11.RELEASE.jar:3.0.11.RELEASE]
	at org.thymeleaf.TemplateEngine.process(TemplateEngine.java:1067) ~[thymeleaf-3.0.11.RELEASE.jar:3.0.11.RELEASE]
	at com.codecool.shop.controller.order.OrderConfirmationController.doGet(OrderConfirmationController.java:78) ~[classes/:na]
	at javax.servlet.http.HttpServlet.service(HttpServlet.java:687) ~[javax.servlet-api-3.1.0.jar:3.1.0]
	at javax.servlet.http.HttpServlet.service(HttpServlet.java:790) ~[javax.servlet-api-3.1.0.jar:3.1.0]
	at org.eclipse.jetty.servlet.ServletHolder$NotAsyncServlet.service(ServletHolder.java:1402) ~[na:na]
	at org.eclipse.jetty.servlet.ServletHolder.handle(ServletHolder.java:763) ~[na:na]
	at org.eclipse.jetty.servlet.ServletHandler$CachedChain.doFilter(ServletHandler.java:1631) ~[na:na]
	at org.eclipse.jetty.websocket.server.WebSocketUpgradeFilter.doFilter(WebSocketUpgradeFilter.java:226) ~[websocket-server-9.4.30.v20200611.jar:9.4.30.v20200611]
	at org.eclipse.jetty.servlet.ServletHandler$CachedChain.doFilter(ServletHandler.java:1618) ~[na:na]
	at org.eclipse.jetty.servlet.ServletHandler.doHandle(ServletHandler.java:549) ~[na:na]
	at org.eclipse.jetty.server.handler.ScopedHandler.handle(ScopedHandler.java:143) ~[na:na]
	at org.eclipse.jetty.security.SecurityHandler.handle(SecurityHandler.java:602) ~[na:na]
	at org.eclipse.jetty.server.handler.HandlerWrapper.handle(HandlerWrapper.java:127) ~[na:na]
	at org.eclipse.jetty.server.handler.ScopedHandler.nextHandle(ScopedHandler.java:235) ~[na:na]
	at org.eclipse.jetty.server.session.SessionHandler.doHandle(SessionHandler.java:1610) ~[na:na]
	at org.eclipse.jetty.server.handler.ScopedHandler.nextHandle(ScopedHandler.java:233) ~[na:na]
	at org.eclipse.jetty.server.handler.ContextHandler.doHandle(ContextHandler.java:1369) ~[na:na]
	at org.eclipse.jetty.server.handler.ScopedHandler.nextScope(ScopedHandler.java:188) ~[na:na]
	at org.eclipse.jetty.servlet.ServletHandler.doScope(ServletHandler.java:489) ~[na:na]
	at org.eclipse.jetty.server.session.SessionHandler.doScope(SessionHandler.java:1580) ~[na:na]
	at org.eclipse.jetty.server.handler.ScopedHandler.nextScope(ScopedHandler.java:186) ~[na:na]
	at org.eclipse.jetty.server.handler.ContextHandler.doScope(ContextHandler.java:1284) ~[na:na]
	at org.eclipse.jetty.server.handler.ScopedHandler.handle(ScopedHandler.java:141) ~[na:na]
	at org.eclipse.jetty.server.handler.ContextHandlerCollection.handle(ContextHandlerCollection.java:191) ~[na:na]
	at org.eclipse.jetty.server.handler.HandlerCollection.handle(HandlerCollection.java:146) ~[na:na]
	at org.eclipse.jetty.server.handler.HandlerWrapper.handle(HandlerWrapper.java:127) ~[na:na]
	at org.eclipse.jetty.server.Server.handle(Server.java:501) ~[na:na]
	at org.eclipse.jetty.server.HttpChannel.lambda$handle$1(HttpChannel.java:383) ~[na:na]
	at org.eclipse.jetty.server.HttpChannel.dispatch(HttpChannel.java:556) ~[na:na]
	at org.eclipse.jetty.server.HttpChannel.handle(HttpChannel.java:375) ~[na:na]
	at org.eclipse.jetty.server.HttpConnection.onFillable(HttpConnection.java:272) ~[na:na]
	at org.eclipse.jetty.io.AbstractConnection$ReadCallback.succeeded(AbstractConnection.java:311) ~[na:na]
	at org.eclipse.jetty.io.FillInterest.fillable(FillInterest.java:103) ~[na:na]
	at org.eclipse.jetty.io.ChannelEndPoint$1.run(ChannelEndPoint.java:104) ~[na:na]
	at org.eclipse.jetty.util.thread.strategy.EatWhatYouKill.runTask(EatWhatYouKill.java:336) ~[na:na]
	at org.eclipse.jetty.util.thread.strategy.EatWhatYouKill.doProduce(EatWhatYouKill.java:313) ~[na:na]
	at org.eclipse.jetty.util.thread.strategy.EatWhatYouKill.tryProduce(EatWhatYouKill.java:171) ~[na:na]
	at org.eclipse.jetty.util.thread.strategy.EatWhatYouKill.run(EatWhatYouKill.java:129) ~[na:na]
	at org.eclipse.jetty.util.thread.ReservedThreadExecutor$ReservedThread.run(ReservedThreadExecutor.java:375) ~[na:na]
	at org.eclipse.jetty.util.thread.QueuedThreadPool.runJob(QueuedThreadPool.java:806) ~[na:na]
	at org.eclipse.jetty.util.thread.QueuedThreadPool$Runner.run(QueuedThreadPool.java:938) ~[na:na]
	at java.base/java.lang.Thread.run(Thread.java:834) ~[na:na]
Caused by: java.lang.NullPointerException: target is null for method getName
	at ognl.OgnlRuntime.callMethod(OgnlRuntime.java:1613) ~[ognl-3.1.12.jar:na]
	at ognl.ASTMethod.getValueBody(ASTMethod.java:91) ~[ognl-3.1.12.jar:na]
	at ognl.SimpleNode.evaluateGetValueBody(SimpleNode.java:212) ~[ognl-3.1.12.jar:na]
	at ognl.SimpleNode.getValue(SimpleNode.java:258) ~[ognl-3.1.12.jar:na]
	at ognl.ASTChain.getValueBody(ASTChain.java:141) ~[ognl-3.1.12.jar:na]
	at ognl.SimpleNode.evaluateGetValueBody(SimpleNode.java:212) ~[ognl-3.1.12.jar:na]
	at ognl.SimpleNode.getValue(SimpleNode.java:258) ~[ognl-3.1.12.jar:na]
	at ognl.Ognl.getValue(Ognl.java:467) ~[ognl-3.1.12.jar:na]
	at ognl.Ognl.getValue(Ognl.java:431) ~[ognl-3.1.12.jar:na]
	at org.thymeleaf.standard.expression.OGNLVariableExpressionEvaluator.executeExpression(OGNLVariableExpressionEvaluator.java:316) ~[thymeleaf-3.0.11.RELEASE.jar:3.0.11.RELEASE]
	at org.thymeleaf.standard.expression.OGNLVariableExpressionEvaluator.evaluate(OGNLVariableExpressionEvaluator.java:170) ~[thymeleaf-3.0.11.RELEASE.jar:3.0.11.RELEASE]
	... 56 common frames omitted
23:24:29 [qtp820961432-23] ERROR org.thymeleaf.TemplateEngine - [THYMELEAF][qtp820961432-23] Exception processing template "order/order-confirmation.html": Exception evaluating OGNL expression: "cart.countItems() != 0" (template: "navbar.html" - line 22, col 30)
org.thymeleaf.exceptions.TemplateProcessingException: Exception evaluating OGNL expression: "cart.countItems() != 0" (template: "navbar.html" - line 22, col 30)
	at org.thymeleaf.standard.expression.OGNLVariableExpressionEvaluator.evaluate(OGNLVariableExpressionEvaluator.java:191) ~[thymeleaf-3.0.11.RELEASE.jar:3.0.11.RELEASE]
	at org.thymeleaf.standard.expression.OGNLVariableExpressionEvaluator.evaluate(OGNLVariableExpressionEvaluator.java:95) ~[thymeleaf-3.0.11.RELEASE.jar:3.0.11.RELEASE]
	at org.thymeleaf.standard.expression.VariableExpression.executeVariableExpression(VariableExpression.java:166) ~[thymeleaf-3.0.11.RELEASE.jar:3.0.11.RELEASE]
	at org.thymeleaf.standard.expression.SimpleExpression.executeSimple(SimpleExpression.java:66) ~[thymeleaf-3.0.11.RELEASE.jar:3.0.11.RELEASE]
	at org.thymeleaf.standard.expression.Expression.execute(Expression.java:109) ~[thymeleaf-3.0.11.RELEASE.jar:3.0.11.RELEASE]
	at org.thymeleaf.standard.expression.Expression.execute(Expression.java:138) ~[thymeleaf-3.0.11.RELEASE.jar:3.0.11.RELEASE]
	at org.thymeleaf.standard.expression.ConditionalExpression.executeConditional(ConditionalExpression.java:209) ~[thymeleaf-3.0.11.RELEASE.jar:3.0.11.RELEASE]
	at org.thymeleaf.standard.expression.ComplexExpression.executeComplex(ComplexExpression.java:77) ~[thymeleaf-3.0.11.RELEASE.jar:3.0.11.RELEASE]
	at org.thymeleaf.standard.expression.Expression.execute(Expression.java:112) ~[thymeleaf-3.0.11.RELEASE.jar:3.0.11.RELEASE]
	at org.thymeleaf.standard.expression.Expression.execute(Expression.java:138) ~[thymeleaf-3.0.11.RELEASE.jar:3.0.11.RELEASE]
	at org.thymeleaf.standard.processor.AbstractStandardExpressionAttributeTagProcessor.doProcess(AbstractStandardExpressionAttributeTagProcessor.java:144) ~[thymeleaf-3.0.11.RELEASE.jar:3.0.11.RELEASE]
	at org.thymeleaf.processor.element.AbstractAttributeTagProcessor.doProcess(AbstractAttributeTagProcessor.java:74) ~[thymeleaf-3.0.11.RELEASE.jar:3.0.11.RELEASE]
	at org.thymeleaf.processor.element.AbstractElementTagProcessor.process(AbstractElementTagProcessor.java:95) ~[thymeleaf-3.0.11.RELEASE.jar:3.0.11.RELEASE]
	at org.thymeleaf.util.ProcessorConfigurationUtils$ElementTagProcessorWrapper.process(ProcessorConfigurationUtils.java:633) ~[thymeleaf-3.0.11.RELEASE.jar:3.0.11.RELEASE]
	at org.thymeleaf.engine.ProcessorTemplateHandler.handleOpenElement(ProcessorTemplateHandler.java:1314) ~[thymeleaf-3.0.11.RELEASE.jar:3.0.11.RELEASE]
	at org.thymeleaf.engine.OpenElementTag.beHandled(OpenElementTag.java:205) ~[thymeleaf-3.0.11.RELEASE.jar:3.0.11.RELEASE]
	at org.thymeleaf.engine.Model.process(Model.java:282) ~[thymeleaf-3.0.11.RELEASE.jar:3.0.11.RELEASE]
	at org.thymeleaf.engine.ProcessorTemplateHandler.handleOpenElement(ProcessorTemplateHandler.java:1587) ~[thymeleaf-3.0.11.RELEASE.jar:3.0.11.RELEASE]
	at org.thymeleaf.engine.OpenElementTag.beHandled(OpenElementTag.java:205) ~[thymeleaf-3.0.11.RELEASE.jar:3.0.11.RELEASE]
	at org.thymeleaf.engine.TemplateModel.process(TemplateModel.java:136) ~[thymeleaf-3.0.11.RELEASE.jar:3.0.11.RELEASE]
	at org.thymeleaf.engine.TemplateManager.parseAndProcess(TemplateManager.java:661) ~[thymeleaf-3.0.11.RELEASE.jar:3.0.11.RELEASE]
	at org.thymeleaf.TemplateEngine.process(TemplateEngine.java:1098) ~[thymeleaf-3.0.11.RELEASE.jar:3.0.11.RELEASE]
	at org.thymeleaf.TemplateEngine.process(TemplateEngine.java:1067) ~[thymeleaf-3.0.11.RELEASE.jar:3.0.11.RELEASE]
	at com.codecool.shop.controller.order.OrderConfirmationController.doGet(OrderConfirmationController.java:70) ~[classes/:na]
	at javax.servlet.http.HttpServlet.service(HttpServlet.java:687) ~[javax.servlet-api-3.1.0.jar:3.1.0]
	at javax.servlet.http.HttpServlet.service(HttpServlet.java:790) ~[javax.servlet-api-3.1.0.jar:3.1.0]
	at org.eclipse.jetty.servlet.ServletHolder$NotAsyncServlet.service(ServletHolder.java:1402) ~[na:na]
	at org.eclipse.jetty.servlet.ServletHolder.handle(ServletHolder.java:763) ~[na:na]
	at org.eclipse.jetty.servlet.ServletHandler$CachedChain.doFilter(ServletHandler.java:1631) ~[na:na]
	at org.eclipse.jetty.websocket.server.WebSocketUpgradeFilter.doFilter(WebSocketUpgradeFilter.java:226) ~[websocket-server-9.4.30.v20200611.jar:9.4.30.v20200611]
	at org.eclipse.jetty.servlet.ServletHandler$CachedChain.doFilter(ServletHandler.java:1618) ~[na:na]
	at org.eclipse.jetty.servlet.ServletHandler.doHandle(ServletHandler.java:549) ~[na:na]
	at org.eclipse.jetty.server.handler.ScopedHandler.handle(ScopedHandler.java:143) ~[na:na]
	at org.eclipse.jetty.security.SecurityHandler.handle(SecurityHandler.java:602) ~[na:na]
	at org.eclipse.jetty.server.handler.HandlerWrapper.handle(HandlerWrapper.java:127) ~[na:na]
	at org.eclipse.jetty.server.handler.ScopedHandler.nextHandle(ScopedHandler.java:235) ~[na:na]
	at org.eclipse.jetty.server.session.SessionHandler.doHandle(SessionHandler.java:1610) ~[na:na]
	at org.eclipse.jetty.server.handler.ScopedHandler.nextHandle(ScopedHandler.java:233) ~[na:na]
	at org.eclipse.jetty.server.handler.ContextHandler.doHandle(ContextHandler.java:1369) ~[na:na]
	at org.eclipse.jetty.server.handler.ScopedHandler.nextScope(ScopedHandler.java:188) ~[na:na]
	at org.eclipse.jetty.servlet.ServletHandler.doScope(ServletHandler.java:489) ~[na:na]
	at org.eclipse.jetty.server.session.SessionHandler.doScope(SessionHandler.java:1580) ~[na:na]
	at org.eclipse.jetty.server.handler.ScopedHandler.nextScope(ScopedHandler.java:186) ~[na:na]
	at org.eclipse.jetty.server.handler.ContextHandler.doScope(ContextHandler.java:1284) ~[na:na]
	at org.eclipse.jetty.server.handler.ScopedHandler.handle(ScopedHandler.java:141) ~[na:na]
	at org.eclipse.jetty.server.handler.ContextHandlerCollection.handle(ContextHandlerCollection.java:191) ~[na:na]
	at org.eclipse.jetty.server.handler.HandlerCollection.handle(HandlerCollection.java:146) ~[na:na]
	at org.eclipse.jetty.server.handler.HandlerWrapper.handle(HandlerWrapper.java:127) ~[na:na]
	at org.eclipse.jetty.server.Server.handle(Server.java:501) ~[na:na]
	at org.eclipse.jetty.server.HttpChannel.lambda$handle$1(HttpChannel.java:383) ~[na:na]
	at org.eclipse.jetty.server.HttpChannel.dispatch(HttpChannel.java:556) ~[na:na]
	at org.eclipse.jetty.server.HttpChannel.handle(HttpChannel.java:375) ~[na:na]
	at org.eclipse.jetty.server.HttpConnection.onFillable(HttpConnection.java:272) ~[na:na]
	at org.eclipse.jetty.io.AbstractConnection$ReadCallback.succeeded(AbstractConnection.java:311) ~[na:na]
	at org.eclipse.jetty.io.FillInterest.fillable(FillInterest.java:103) ~[na:na]
	at org.eclipse.jetty.io.ChannelEndPoint$1.run(ChannelEndPoint.java:104) ~[na:na]
	at org.eclipse.jetty.util.thread.strategy.EatWhatYouKill.runTask(EatWhatYouKill.java:336) ~[na:na]
	at org.eclipse.jetty.util.thread.strategy.EatWhatYouKill.doProduce(EatWhatYouKill.java:313) ~[na:na]
	at org.eclipse.jetty.util.thread.strategy.EatWhatYouKill.tryProduce(EatWhatYouKill.java:171) ~[na:na]
	at org.eclipse.jetty.util.thread.strategy.EatWhatYouKill.run(EatWhatYouKill.java:129) ~[na:na]
	at org.eclipse.jetty.util.thread.ReservedThreadExecutor$ReservedThread.run(ReservedThreadExecutor.java:375) ~[na:na]
	at org.eclipse.jetty.util.thread.QueuedThreadPool.runJob(QueuedThreadPool.java:806) ~[na:na]
	at org.eclipse.jetty.util.thread.QueuedThreadPool$Runner.run(QueuedThreadPool.java:938) ~[na:na]
	at java.base/java.lang.Thread.run(Thread.java:834) ~[na:na]
Caused by: java.lang.NullPointerException: target is null for method countItems
	at ognl.OgnlRuntime.callMethod(OgnlRuntime.java:1613) ~[ognl-3.1.12.jar:na]
	at ognl.ASTMethod.getValueBody(ASTMethod.java:91) ~[ognl-3.1.12.jar:na]
	at ognl.SimpleNode.evaluateGetValueBody(SimpleNode.java:212) ~[ognl-3.1.12.jar:na]
	at ognl.SimpleNode.getValue(SimpleNode.java:258) ~[ognl-3.1.12.jar:na]
	at ognl.ASTChain.getValueBody(ASTChain.java:141) ~[ognl-3.1.12.jar:na]
	at ognl.SimpleNode.evaluateGetValueBody(SimpleNode.java:212) ~[ognl-3.1.12.jar:na]
	at ognl.SimpleNode.getValue(SimpleNode.java:258) ~[ognl-3.1.12.jar:na]
	at ognl.ASTNotEq.getValueBody(ASTNotEq.java:50) ~[ognl-3.1.12.jar:na]
	at ognl.SimpleNode.evaluateGetValueBody(SimpleNode.java:212) ~[ognl-3.1.12.jar:na]
	at ognl.SimpleNode.getValue(SimpleNode.java:258) ~[ognl-3.1.12.jar:na]
	at ognl.Ognl.getValue(Ognl.java:467) ~[ognl-3.1.12.jar:na]
	at ognl.Ognl.getValue(Ognl.java:431) ~[ognl-3.1.12.jar:na]
	at org.thymeleaf.standard.expression.OGNLVariableExpressionEvaluator.executeExpression(OGNLVariableExpressionEvaluator.java:316) ~[thymeleaf-3.0.11.RELEASE.jar:3.0.11.RELEASE]
	at org.thymeleaf.standard.expression.OGNLVariableExpressionEvaluator.evaluate(OGNLVariableExpressionEvaluator.java:170) ~[thymeleaf-3.0.11.RELEASE.jar:3.0.11.RELEASE]
	... 63 common frames omitted
23:28:06 [qtp1031158501-25] ERROR org.thymeleaf.TemplateEngine - [THYMELEAF][qtp1031158501-25] Exception processing template "order/order-confirmation.html": Exception evaluating OGNL expression: "cart.countItems() != 0" (template: "navbar.html" - line 22, col 30)
org.thymeleaf.exceptions.TemplateProcessingException: Exception evaluating OGNL expression: "cart.countItems() != 0" (template: "navbar.html" - line 22, col 30)
	at org.thymeleaf.standard.expression.OGNLVariableExpressionEvaluator.evaluate(OGNLVariableExpressionEvaluator.java:191) ~[thymeleaf-3.0.11.RELEASE.jar:3.0.11.RELEASE]
	at org.thymeleaf.standard.expression.OGNLVariableExpressionEvaluator.evaluate(OGNLVariableExpressionEvaluator.java:95) ~[thymeleaf-3.0.11.RELEASE.jar:3.0.11.RELEASE]
	at org.thymeleaf.standard.expression.VariableExpression.executeVariableExpression(VariableExpression.java:166) ~[thymeleaf-3.0.11.RELEASE.jar:3.0.11.RELEASE]
	at org.thymeleaf.standard.expression.SimpleExpression.executeSimple(SimpleExpression.java:66) ~[thymeleaf-3.0.11.RELEASE.jar:3.0.11.RELEASE]
	at org.thymeleaf.standard.expression.Expression.execute(Expression.java:109) ~[thymeleaf-3.0.11.RELEASE.jar:3.0.11.RELEASE]
	at org.thymeleaf.standard.expression.Expression.execute(Expression.java:138) ~[thymeleaf-3.0.11.RELEASE.jar:3.0.11.RELEASE]
	at org.thymeleaf.standard.expression.ConditionalExpression.executeConditional(ConditionalExpression.java:209) ~[thymeleaf-3.0.11.RELEASE.jar:3.0.11.RELEASE]
	at org.thymeleaf.standard.expression.ComplexExpression.executeComplex(ComplexExpression.java:77) ~[thymeleaf-3.0.11.RELEASE.jar:3.0.11.RELEASE]
	at org.thymeleaf.standard.expression.Expression.execute(Expression.java:112) ~[thymeleaf-3.0.11.RELEASE.jar:3.0.11.RELEASE]
	at org.thymeleaf.standard.expression.Expression.execute(Expression.java:138) ~[thymeleaf-3.0.11.RELEASE.jar:3.0.11.RELEASE]
	at org.thymeleaf.standard.processor.AbstractStandardExpressionAttributeTagProcessor.doProcess(AbstractStandardExpressionAttributeTagProcessor.java:144) ~[thymeleaf-3.0.11.RELEASE.jar:3.0.11.RELEASE]
	at org.thymeleaf.processor.element.AbstractAttributeTagProcessor.doProcess(AbstractAttributeTagProcessor.java:74) ~[thymeleaf-3.0.11.RELEASE.jar:3.0.11.RELEASE]
	at org.thymeleaf.processor.element.AbstractElementTagProcessor.process(AbstractElementTagProcessor.java:95) ~[thymeleaf-3.0.11.RELEASE.jar:3.0.11.RELEASE]
	at org.thymeleaf.util.ProcessorConfigurationUtils$ElementTagProcessorWrapper.process(ProcessorConfigurationUtils.java:633) ~[thymeleaf-3.0.11.RELEASE.jar:3.0.11.RELEASE]
	at org.thymeleaf.engine.ProcessorTemplateHandler.handleOpenElement(ProcessorTemplateHandler.java:1314) ~[thymeleaf-3.0.11.RELEASE.jar:3.0.11.RELEASE]
	at org.thymeleaf.engine.OpenElementTag.beHandled(OpenElementTag.java:205) ~[thymeleaf-3.0.11.RELEASE.jar:3.0.11.RELEASE]
	at org.thymeleaf.engine.Model.process(Model.java:282) ~[thymeleaf-3.0.11.RELEASE.jar:3.0.11.RELEASE]
	at org.thymeleaf.engine.ProcessorTemplateHandler.handleOpenElement(ProcessorTemplateHandler.java:1587) ~[thymeleaf-3.0.11.RELEASE.jar:3.0.11.RELEASE]
	at org.thymeleaf.engine.OpenElementTag.beHandled(OpenElementTag.java:205) ~[thymeleaf-3.0.11.RELEASE.jar:3.0.11.RELEASE]
	at org.thymeleaf.engine.TemplateModel.process(TemplateModel.java:136) ~[thymeleaf-3.0.11.RELEASE.jar:3.0.11.RELEASE]
	at org.thymeleaf.engine.TemplateManager.parseAndProcess(TemplateManager.java:661) ~[thymeleaf-3.0.11.RELEASE.jar:3.0.11.RELEASE]
	at org.thymeleaf.TemplateEngine.process(TemplateEngine.java:1098) ~[thymeleaf-3.0.11.RELEASE.jar:3.0.11.RELEASE]
	at org.thymeleaf.TemplateEngine.process(TemplateEngine.java:1067) ~[thymeleaf-3.0.11.RELEASE.jar:3.0.11.RELEASE]
	at com.codecool.shop.controller.order.OrderConfirmationController.doGet(OrderConfirmationController.java:70) ~[classes/:na]
	at javax.servlet.http.HttpServlet.service(HttpServlet.java:687) ~[javax.servlet-api-3.1.0.jar:3.1.0]
	at javax.servlet.http.HttpServlet.service(HttpServlet.java:790) ~[javax.servlet-api-3.1.0.jar:3.1.0]
	at org.eclipse.jetty.servlet.ServletHolder$NotAsyncServlet.service(ServletHolder.java:1402) ~[na:na]
	at org.eclipse.jetty.servlet.ServletHolder.handle(ServletHolder.java:763) ~[na:na]
	at org.eclipse.jetty.servlet.ServletHandler$CachedChain.doFilter(ServletHandler.java:1631) ~[na:na]
	at org.eclipse.jetty.websocket.server.WebSocketUpgradeFilter.doFilter(WebSocketUpgradeFilter.java:226) ~[websocket-server-9.4.30.v20200611.jar:9.4.30.v20200611]
	at org.eclipse.jetty.servlet.ServletHandler$CachedChain.doFilter(ServletHandler.java:1618) ~[na:na]
	at org.eclipse.jetty.servlet.ServletHandler.doHandle(ServletHandler.java:549) ~[na:na]
	at org.eclipse.jetty.server.handler.ScopedHandler.handle(ScopedHandler.java:143) ~[na:na]
	at org.eclipse.jetty.security.SecurityHandler.handle(SecurityHandler.java:602) ~[na:na]
	at org.eclipse.jetty.server.handler.HandlerWrapper.handle(HandlerWrapper.java:127) ~[na:na]
	at org.eclipse.jetty.server.handler.ScopedHandler.nextHandle(ScopedHandler.java:235) ~[na:na]
	at org.eclipse.jetty.server.session.SessionHandler.doHandle(SessionHandler.java:1610) ~[na:na]
	at org.eclipse.jetty.server.handler.ScopedHandler.nextHandle(ScopedHandler.java:233) ~[na:na]
	at org.eclipse.jetty.server.handler.ContextHandler.doHandle(ContextHandler.java:1369) ~[na:na]
	at org.eclipse.jetty.server.handler.ScopedHandler.nextScope(ScopedHandler.java:188) ~[na:na]
	at org.eclipse.jetty.servlet.ServletHandler.doScope(ServletHandler.java:489) ~[na:na]
	at org.eclipse.jetty.server.session.SessionHandler.doScope(SessionHandler.java:1580) ~[na:na]
	at org.eclipse.jetty.server.handler.ScopedHandler.nextScope(ScopedHandler.java:186) ~[na:na]
	at org.eclipse.jetty.server.handler.ContextHandler.doScope(ContextHandler.java:1284) ~[na:na]
	at org.eclipse.jetty.server.handler.ScopedHandler.handle(ScopedHandler.java:141) ~[na:na]
	at org.eclipse.jetty.server.handler.ContextHandlerCollection.handle(ContextHandlerCollection.java:191) ~[na:na]
	at org.eclipse.jetty.server.handler.HandlerCollection.handle(HandlerCollection.java:146) ~[na:na]
	at org.eclipse.jetty.server.handler.HandlerWrapper.handle(HandlerWrapper.java:127) ~[na:na]
	at org.eclipse.jetty.server.Server.handle(Server.java:501) ~[na:na]
	at org.eclipse.jetty.server.HttpChannel.lambda$handle$1(HttpChannel.java:383) ~[na:na]
	at org.eclipse.jetty.server.HttpChannel.dispatch(HttpChannel.java:556) ~[na:na]
	at org.eclipse.jetty.server.HttpChannel.handle(HttpChannel.java:375) ~[na:na]
	at org.eclipse.jetty.server.HttpConnection.onFillable(HttpConnection.java:272) ~[na:na]
	at org.eclipse.jetty.io.AbstractConnection$ReadCallback.succeeded(AbstractConnection.java:311) ~[na:na]
	at org.eclipse.jetty.io.FillInterest.fillable(FillInterest.java:103) ~[na:na]
	at org.eclipse.jetty.io.ChannelEndPoint$1.run(ChannelEndPoint.java:104) ~[na:na]
	at org.eclipse.jetty.util.thread.strategy.EatWhatYouKill.runTask(EatWhatYouKill.java:336) ~[na:na]
	at org.eclipse.jetty.util.thread.strategy.EatWhatYouKill.doProduce(EatWhatYouKill.java:313) ~[na:na]
	at org.eclipse.jetty.util.thread.strategy.EatWhatYouKill.tryProduce(EatWhatYouKill.java:171) ~[na:na]
	at org.eclipse.jetty.util.thread.strategy.EatWhatYouKill.run(EatWhatYouKill.java:129) ~[na:na]
	at org.eclipse.jetty.util.thread.ReservedThreadExecutor$ReservedThread.run(ReservedThreadExecutor.java:375) ~[na:na]
	at org.eclipse.jetty.util.thread.QueuedThreadPool.runJob(QueuedThreadPool.java:806) ~[na:na]
	at org.eclipse.jetty.util.thread.QueuedThreadPool$Runner.run(QueuedThreadPool.java:938) ~[na:na]
	at java.base/java.lang.Thread.run(Thread.java:834) ~[na:na]
Caused by: java.lang.NullPointerException: target is null for method countItems
	at ognl.OgnlRuntime.callMethod(OgnlRuntime.java:1613) ~[ognl-3.1.12.jar:na]
	at ognl.ASTMethod.getValueBody(ASTMethod.java:91) ~[ognl-3.1.12.jar:na]
	at ognl.SimpleNode.evaluateGetValueBody(SimpleNode.java:212) ~[ognl-3.1.12.jar:na]
	at ognl.SimpleNode.getValue(SimpleNode.java:258) ~[ognl-3.1.12.jar:na]
	at ognl.ASTChain.getValueBody(ASTChain.java:141) ~[ognl-3.1.12.jar:na]
	at ognl.SimpleNode.evaluateGetValueBody(SimpleNode.java:212) ~[ognl-3.1.12.jar:na]
	at ognl.SimpleNode.getValue(SimpleNode.java:258) ~[ognl-3.1.12.jar:na]
	at ognl.ASTNotEq.getValueBody(ASTNotEq.java:50) ~[ognl-3.1.12.jar:na]
	at ognl.SimpleNode.evaluateGetValueBody(SimpleNode.java:212) ~[ognl-3.1.12.jar:na]
	at ognl.SimpleNode.getValue(SimpleNode.java:258) ~[ognl-3.1.12.jar:na]
	at ognl.Ognl.getValue(Ognl.java:467) ~[ognl-3.1.12.jar:na]
	at ognl.Ognl.getValue(Ognl.java:431) ~[ognl-3.1.12.jar:na]
	at org.thymeleaf.standard.expression.OGNLVariableExpressionEvaluator.executeExpression(OGNLVariableExpressionEvaluator.java:316) ~[thymeleaf-3.0.11.RELEASE.jar:3.0.11.RELEASE]
	at org.thymeleaf.standard.expression.OGNLVariableExpressionEvaluator.evaluate(OGNLVariableExpressionEvaluator.java:170) ~[thymeleaf-3.0.11.RELEASE.jar:3.0.11.RELEASE]
	... 63 common frames omitted
23:31:00 [qtp341768680-29] ERROR org.thymeleaf.TemplateEngine - [THYMELEAF][qtp341768680-29] Exception processing template "order/order-confirmation.html": Exception evaluating OGNL expression: "order.getBillingAddress().getName()" (template: "order/order-confirmation.html" - line 41, col 42)
org.thymeleaf.exceptions.TemplateProcessingException: Exception evaluating OGNL expression: "order.getBillingAddress().getName()" (template: "order/order-confirmation.html" - line 41, col 42)
	at org.thymeleaf.standard.expression.OGNLVariableExpressionEvaluator.evaluate(OGNLVariableExpressionEvaluator.java:191) ~[thymeleaf-3.0.11.RELEASE.jar:3.0.11.RELEASE]
	at org.thymeleaf.standard.expression.OGNLVariableExpressionEvaluator.evaluate(OGNLVariableExpressionEvaluator.java:95) ~[thymeleaf-3.0.11.RELEASE.jar:3.0.11.RELEASE]
	at org.thymeleaf.standard.expression.VariableExpression.executeVariableExpression(VariableExpression.java:166) ~[thymeleaf-3.0.11.RELEASE.jar:3.0.11.RELEASE]
	at org.thymeleaf.standard.expression.SimpleExpression.executeSimple(SimpleExpression.java:66) ~[thymeleaf-3.0.11.RELEASE.jar:3.0.11.RELEASE]
	at org.thymeleaf.standard.expression.Expression.execute(Expression.java:109) ~[thymeleaf-3.0.11.RELEASE.jar:3.0.11.RELEASE]
	at org.thymeleaf.standard.expression.Expression.execute(Expression.java:138) ~[thymeleaf-3.0.11.RELEASE.jar:3.0.11.RELEASE]
	at org.thymeleaf.standard.processor.AbstractStandardExpressionAttributeTagProcessor.doProcess(AbstractStandardExpressionAttributeTagProcessor.java:144) ~[thymeleaf-3.0.11.RELEASE.jar:3.0.11.RELEASE]
	at org.thymeleaf.processor.element.AbstractAttributeTagProcessor.doProcess(AbstractAttributeTagProcessor.java:74) ~[thymeleaf-3.0.11.RELEASE.jar:3.0.11.RELEASE]
	at org.thymeleaf.processor.element.AbstractElementTagProcessor.process(AbstractElementTagProcessor.java:95) ~[thymeleaf-3.0.11.RELEASE.jar:3.0.11.RELEASE]
	at org.thymeleaf.util.ProcessorConfigurationUtils$ElementTagProcessorWrapper.process(ProcessorConfigurationUtils.java:633) ~[thymeleaf-3.0.11.RELEASE.jar:3.0.11.RELEASE]
	at org.thymeleaf.engine.ProcessorTemplateHandler.handleOpenElement(ProcessorTemplateHandler.java:1314) ~[thymeleaf-3.0.11.RELEASE.jar:3.0.11.RELEASE]
	at org.thymeleaf.engine.OpenElementTag.beHandled(OpenElementTag.java:205) ~[thymeleaf-3.0.11.RELEASE.jar:3.0.11.RELEASE]
	at org.thymeleaf.engine.TemplateModel.process(TemplateModel.java:136) ~[thymeleaf-3.0.11.RELEASE.jar:3.0.11.RELEASE]
	at org.thymeleaf.engine.TemplateManager.parseAndProcess(TemplateManager.java:661) ~[thymeleaf-3.0.11.RELEASE.jar:3.0.11.RELEASE]
	at org.thymeleaf.TemplateEngine.process(TemplateEngine.java:1098) ~[thymeleaf-3.0.11.RELEASE.jar:3.0.11.RELEASE]
	at org.thymeleaf.TemplateEngine.process(TemplateEngine.java:1067) ~[thymeleaf-3.0.11.RELEASE.jar:3.0.11.RELEASE]
	at com.codecool.shop.controller.order.OrderConfirmationController.doGet(OrderConfirmationController.java:78) ~[classes/:na]
	at javax.servlet.http.HttpServlet.service(HttpServlet.java:687) ~[javax.servlet-api-3.1.0.jar:3.1.0]
	at javax.servlet.http.HttpServlet.service(HttpServlet.java:790) ~[javax.servlet-api-3.1.0.jar:3.1.0]
	at org.eclipse.jetty.servlet.ServletHolder$NotAsyncServlet.service(ServletHolder.java:1402) ~[na:na]
	at org.eclipse.jetty.servlet.ServletHolder.handle(ServletHolder.java:763) ~[na:na]
	at org.eclipse.jetty.servlet.ServletHandler$CachedChain.doFilter(ServletHandler.java:1631) ~[na:na]
	at org.eclipse.jetty.websocket.server.WebSocketUpgradeFilter.doFilter(WebSocketUpgradeFilter.java:226) ~[websocket-server-9.4.30.v20200611.jar:9.4.30.v20200611]
	at org.eclipse.jetty.servlet.ServletHandler$CachedChain.doFilter(ServletHandler.java:1618) ~[na:na]
	at org.eclipse.jetty.servlet.ServletHandler.doHandle(ServletHandler.java:549) ~[na:na]
	at org.eclipse.jetty.server.handler.ScopedHandler.handle(ScopedHandler.java:143) ~[na:na]
	at org.eclipse.jetty.security.SecurityHandler.handle(SecurityHandler.java:602) ~[na:na]
	at org.eclipse.jetty.server.handler.HandlerWrapper.handle(HandlerWrapper.java:127) ~[na:na]
	at org.eclipse.jetty.server.handler.ScopedHandler.nextHandle(ScopedHandler.java:235) ~[na:na]
	at org.eclipse.jetty.server.session.SessionHandler.doHandle(SessionHandler.java:1610) ~[na:na]
	at org.eclipse.jetty.server.handler.ScopedHandler.nextHandle(ScopedHandler.java:233) ~[na:na]
	at org.eclipse.jetty.server.handler.ContextHandler.doHandle(ContextHandler.java:1369) ~[na:na]
	at org.eclipse.jetty.server.handler.ScopedHandler.nextScope(ScopedHandler.java:188) ~[na:na]
	at org.eclipse.jetty.servlet.ServletHandler.doScope(ServletHandler.java:489) ~[na:na]
	at org.eclipse.jetty.server.session.SessionHandler.doScope(SessionHandler.java:1580) ~[na:na]
	at org.eclipse.jetty.server.handler.ScopedHandler.nextScope(ScopedHandler.java:186) ~[na:na]
	at org.eclipse.jetty.server.handler.ContextHandler.doScope(ContextHandler.java:1284) ~[na:na]
	at org.eclipse.jetty.server.handler.ScopedHandler.handle(ScopedHandler.java:141) ~[na:na]
	at org.eclipse.jetty.server.handler.ContextHandlerCollection.handle(ContextHandlerCollection.java:191) ~[na:na]
	at org.eclipse.jetty.server.handler.HandlerCollection.handle(HandlerCollection.java:146) ~[na:na]
	at org.eclipse.jetty.server.handler.HandlerWrapper.handle(HandlerWrapper.java:127) ~[na:na]
	at org.eclipse.jetty.server.Server.handle(Server.java:501) ~[na:na]
	at org.eclipse.jetty.server.HttpChannel.lambda$handle$1(HttpChannel.java:383) ~[na:na]
	at org.eclipse.jetty.server.HttpChannel.dispatch(HttpChannel.java:556) ~[na:na]
	at org.eclipse.jetty.server.HttpChannel.handle(HttpChannel.java:375) ~[na:na]
	at org.eclipse.jetty.server.HttpConnection.onFillable(HttpConnection.java:272) ~[na:na]
	at org.eclipse.jetty.io.AbstractConnection$ReadCallback.succeeded(AbstractConnection.java:311) ~[na:na]
	at org.eclipse.jetty.io.FillInterest.fillable(FillInterest.java:103) ~[na:na]
	at org.eclipse.jetty.io.ChannelEndPoint$1.run(ChannelEndPoint.java:104) ~[na:na]
	at org.eclipse.jetty.util.thread.strategy.EatWhatYouKill.runTask(EatWhatYouKill.java:336) ~[na:na]
	at org.eclipse.jetty.util.thread.strategy.EatWhatYouKill.doProduce(EatWhatYouKill.java:313) ~[na:na]
	at org.eclipse.jetty.util.thread.strategy.EatWhatYouKill.tryProduce(EatWhatYouKill.java:171) ~[na:na]
	at org.eclipse.jetty.util.thread.strategy.EatWhatYouKill.run(EatWhatYouKill.java:129) ~[na:na]
	at org.eclipse.jetty.util.thread.ReservedThreadExecutor$ReservedThread.run(ReservedThreadExecutor.java:375) ~[na:na]
	at org.eclipse.jetty.util.thread.QueuedThreadPool.runJob(QueuedThreadPool.java:806) ~[na:na]
	at org.eclipse.jetty.util.thread.QueuedThreadPool$Runner.run(QueuedThreadPool.java:938) ~[na:na]
	at java.base/java.lang.Thread.run(Thread.java:834) ~[na:na]
Caused by: java.lang.NullPointerException: target is null for method getName
	at ognl.OgnlRuntime.callMethod(OgnlRuntime.java:1613) ~[ognl-3.1.12.jar:na]
	at ognl.ASTMethod.getValueBody(ASTMethod.java:91) ~[ognl-3.1.12.jar:na]
	at ognl.SimpleNode.evaluateGetValueBody(SimpleNode.java:212) ~[ognl-3.1.12.jar:na]
	at ognl.SimpleNode.getValue(SimpleNode.java:258) ~[ognl-3.1.12.jar:na]
	at ognl.ASTChain.getValueBody(ASTChain.java:141) ~[ognl-3.1.12.jar:na]
	at ognl.SimpleNode.evaluateGetValueBody(SimpleNode.java:212) ~[ognl-3.1.12.jar:na]
	at ognl.SimpleNode.getValue(SimpleNode.java:258) ~[ognl-3.1.12.jar:na]
	at ognl.Ognl.getValue(Ognl.java:467) ~[ognl-3.1.12.jar:na]
	at ognl.Ognl.getValue(Ognl.java:431) ~[ognl-3.1.12.jar:na]
	at org.thymeleaf.standard.expression.OGNLVariableExpressionEvaluator.executeExpression(OGNLVariableExpressionEvaluator.java:316) ~[thymeleaf-3.0.11.RELEASE.jar:3.0.11.RELEASE]
	at org.thymeleaf.standard.expression.OGNLVariableExpressionEvaluator.evaluate(OGNLVariableExpressionEvaluator.java:170) ~[thymeleaf-3.0.11.RELEASE.jar:3.0.11.RELEASE]
	... 56 common frames omitted
23:36:50 [qtp2019993510-19] ERROR org.thymeleaf.TemplateEngine - [THYMELEAF][qtp2019993510-19] Exception processing template "order/order-confirmation.html": Exception evaluating OGNL expression: "order.getBillingAddress().getName()" (template: "order/order-confirmation.html" - line 41, col 42)
org.thymeleaf.exceptions.TemplateProcessingException: Exception evaluating OGNL expression: "order.getBillingAddress().getName()" (template: "order/order-confirmation.html" - line 41, col 42)
	at org.thymeleaf.standard.expression.OGNLVariableExpressionEvaluator.evaluate(OGNLVariableExpressionEvaluator.java:191) ~[thymeleaf-3.0.11.RELEASE.jar:3.0.11.RELEASE]
	at org.thymeleaf.standard.expression.OGNLVariableExpressionEvaluator.evaluate(OGNLVariableExpressionEvaluator.java:95) ~[thymeleaf-3.0.11.RELEASE.jar:3.0.11.RELEASE]
	at org.thymeleaf.standard.expression.VariableExpression.executeVariableExpression(VariableExpression.java:166) ~[thymeleaf-3.0.11.RELEASE.jar:3.0.11.RELEASE]
	at org.thymeleaf.standard.expression.SimpleExpression.executeSimple(SimpleExpression.java:66) ~[thymeleaf-3.0.11.RELEASE.jar:3.0.11.RELEASE]
	at org.thymeleaf.standard.expression.Expression.execute(Expression.java:109) ~[thymeleaf-3.0.11.RELEASE.jar:3.0.11.RELEASE]
	at org.thymeleaf.standard.expression.Expression.execute(Expression.java:138) ~[thymeleaf-3.0.11.RELEASE.jar:3.0.11.RELEASE]
	at org.thymeleaf.standard.processor.AbstractStandardExpressionAttributeTagProcessor.doProcess(AbstractStandardExpressionAttributeTagProcessor.java:144) ~[thymeleaf-3.0.11.RELEASE.jar:3.0.11.RELEASE]
	at org.thymeleaf.processor.element.AbstractAttributeTagProcessor.doProcess(AbstractAttributeTagProcessor.java:74) ~[thymeleaf-3.0.11.RELEASE.jar:3.0.11.RELEASE]
	at org.thymeleaf.processor.element.AbstractElementTagProcessor.process(AbstractElementTagProcessor.java:95) ~[thymeleaf-3.0.11.RELEASE.jar:3.0.11.RELEASE]
	at org.thymeleaf.util.ProcessorConfigurationUtils$ElementTagProcessorWrapper.process(ProcessorConfigurationUtils.java:633) ~[thymeleaf-3.0.11.RELEASE.jar:3.0.11.RELEASE]
	at org.thymeleaf.engine.ProcessorTemplateHandler.handleOpenElement(ProcessorTemplateHandler.java:1314) ~[thymeleaf-3.0.11.RELEASE.jar:3.0.11.RELEASE]
	at org.thymeleaf.engine.OpenElementTag.beHandled(OpenElementTag.java:205) ~[thymeleaf-3.0.11.RELEASE.jar:3.0.11.RELEASE]
	at org.thymeleaf.engine.TemplateModel.process(TemplateModel.java:136) ~[thymeleaf-3.0.11.RELEASE.jar:3.0.11.RELEASE]
	at org.thymeleaf.engine.TemplateManager.parseAndProcess(TemplateManager.java:661) ~[thymeleaf-3.0.11.RELEASE.jar:3.0.11.RELEASE]
	at org.thymeleaf.TemplateEngine.process(TemplateEngine.java:1098) ~[thymeleaf-3.0.11.RELEASE.jar:3.0.11.RELEASE]
	at org.thymeleaf.TemplateEngine.process(TemplateEngine.java:1067) ~[thymeleaf-3.0.11.RELEASE.jar:3.0.11.RELEASE]
	at com.codecool.shop.controller.order.OrderConfirmationController.doGet(OrderConfirmationController.java:78) ~[classes/:na]
	at javax.servlet.http.HttpServlet.service(HttpServlet.java:687) ~[javax.servlet-api-3.1.0.jar:3.1.0]
	at javax.servlet.http.HttpServlet.service(HttpServlet.java:790) ~[javax.servlet-api-3.1.0.jar:3.1.0]
	at org.eclipse.jetty.servlet.ServletHolder$NotAsyncServlet.service(ServletHolder.java:1402) ~[na:na]
	at org.eclipse.jetty.servlet.ServletHolder.handle(ServletHolder.java:763) ~[na:na]
	at org.eclipse.jetty.servlet.ServletHandler$CachedChain.doFilter(ServletHandler.java:1631) ~[na:na]
	at org.eclipse.jetty.websocket.server.WebSocketUpgradeFilter.doFilter(WebSocketUpgradeFilter.java:226) ~[websocket-server-9.4.30.v20200611.jar:9.4.30.v20200611]
	at org.eclipse.jetty.servlet.ServletHandler$CachedChain.doFilter(ServletHandler.java:1618) ~[na:na]
	at org.eclipse.jetty.servlet.ServletHandler.doHandle(ServletHandler.java:549) ~[na:na]
	at org.eclipse.jetty.server.handler.ScopedHandler.handle(ScopedHandler.java:143) ~[na:na]
	at org.eclipse.jetty.security.SecurityHandler.handle(SecurityHandler.java:602) ~[na:na]
	at org.eclipse.jetty.server.handler.HandlerWrapper.handle(HandlerWrapper.java:127) ~[na:na]
	at org.eclipse.jetty.server.handler.ScopedHandler.nextHandle(ScopedHandler.java:235) ~[na:na]
	at org.eclipse.jetty.server.session.SessionHandler.doHandle(SessionHandler.java:1610) ~[na:na]
	at org.eclipse.jetty.server.handler.ScopedHandler.nextHandle(ScopedHandler.java:233) ~[na:na]
	at org.eclipse.jetty.server.handler.ContextHandler.doHandle(ContextHandler.java:1369) ~[na:na]
	at org.eclipse.jetty.server.handler.ScopedHandler.nextScope(ScopedHandler.java:188) ~[na:na]
	at org.eclipse.jetty.servlet.ServletHandler.doScope(ServletHandler.java:489) ~[na:na]
	at org.eclipse.jetty.server.session.SessionHandler.doScope(SessionHandler.java:1580) ~[na:na]
	at org.eclipse.jetty.server.handler.ScopedHandler.nextScope(ScopedHandler.java:186) ~[na:na]
	at org.eclipse.jetty.server.handler.ContextHandler.doScope(ContextHandler.java:1284) ~[na:na]
	at org.eclipse.jetty.server.handler.ScopedHandler.handle(ScopedHandler.java:141) ~[na:na]
	at org.eclipse.jetty.server.handler.ContextHandlerCollection.handle(ContextHandlerCollection.java:191) ~[na:na]
	at org.eclipse.jetty.server.handler.HandlerCollection.handle(HandlerCollection.java:146) ~[na:na]
	at org.eclipse.jetty.server.handler.HandlerWrapper.handle(HandlerWrapper.java:127) ~[na:na]
	at org.eclipse.jetty.server.Server.handle(Server.java:501) ~[na:na]
	at org.eclipse.jetty.server.HttpChannel.lambda$handle$1(HttpChannel.java:383) ~[na:na]
	at org.eclipse.jetty.server.HttpChannel.dispatch(HttpChannel.java:556) ~[na:na]
	at org.eclipse.jetty.server.HttpChannel.handle(HttpChannel.java:375) ~[na:na]
	at org.eclipse.jetty.server.HttpConnection.onFillable(HttpConnection.java:272) ~[na:na]
	at org.eclipse.jetty.io.AbstractConnection$ReadCallback.succeeded(AbstractConnection.java:311) ~[na:na]
	at org.eclipse.jetty.io.FillInterest.fillable(FillInterest.java:103) ~[na:na]
	at org.eclipse.jetty.io.ChannelEndPoint$1.run(ChannelEndPoint.java:104) ~[na:na]
	at org.eclipse.jetty.util.thread.strategy.EatWhatYouKill.runTask(EatWhatYouKill.java:336) ~[na:na]
	at org.eclipse.jetty.util.thread.strategy.EatWhatYouKill.doProduce(EatWhatYouKill.java:313) ~[na:na]
	at org.eclipse.jetty.util.thread.strategy.EatWhatYouKill.tryProduce(EatWhatYouKill.java:171) ~[na:na]
	at org.eclipse.jetty.util.thread.strategy.EatWhatYouKill.run(EatWhatYouKill.java:129) ~[na:na]
	at org.eclipse.jetty.util.thread.ReservedThreadExecutor$ReservedThread.run(ReservedThreadExecutor.java:375) ~[na:na]
	at org.eclipse.jetty.util.thread.QueuedThreadPool.runJob(QueuedThreadPool.java:806) ~[na:na]
	at org.eclipse.jetty.util.thread.QueuedThreadPool$Runner.run(QueuedThreadPool.java:938) ~[na:na]
	at java.base/java.lang.Thread.run(Thread.java:834) ~[na:na]
Caused by: java.lang.NullPointerException: target is null for method getName
	at ognl.OgnlRuntime.callMethod(OgnlRuntime.java:1613) ~[ognl-3.1.12.jar:na]
	at ognl.ASTMethod.getValueBody(ASTMethod.java:91) ~[ognl-3.1.12.jar:na]
	at ognl.SimpleNode.evaluateGetValueBody(SimpleNode.java:212) ~[ognl-3.1.12.jar:na]
	at ognl.SimpleNode.getValue(SimpleNode.java:258) ~[ognl-3.1.12.jar:na]
	at ognl.ASTChain.getValueBody(ASTChain.java:141) ~[ognl-3.1.12.jar:na]
	at ognl.SimpleNode.evaluateGetValueBody(SimpleNode.java:212) ~[ognl-3.1.12.jar:na]
	at ognl.SimpleNode.getValue(SimpleNode.java:258) ~[ognl-3.1.12.jar:na]
	at ognl.Ognl.getValue(Ognl.java:467) ~[ognl-3.1.12.jar:na]
	at ognl.Ognl.getValue(Ognl.java:431) ~[ognl-3.1.12.jar:na]
	at org.thymeleaf.standard.expression.OGNLVariableExpressionEvaluator.executeExpression(OGNLVariableExpressionEvaluator.java:316) ~[thymeleaf-3.0.11.RELEASE.jar:3.0.11.RELEASE]
	at org.thymeleaf.standard.expression.OGNLVariableExpressionEvaluator.evaluate(OGNLVariableExpressionEvaluator.java:170) ~[thymeleaf-3.0.11.RELEASE.jar:3.0.11.RELEASE]
	... 56 common frames omitted
23:40:43 [qtp880282841-22] ERROR org.thymeleaf.TemplateEngine - [THYMELEAF][qtp880282841-22] Exception processing template "order/order-confirmation.html": Exception evaluating OGNL expression: "order.getBillingAddress().getName()" (template: "order/order-confirmation.html" - line 41, col 42)
org.thymeleaf.exceptions.TemplateProcessingException: Exception evaluating OGNL expression: "order.getBillingAddress().getName()" (template: "order/order-confirmation.html" - line 41, col 42)
	at org.thymeleaf.standard.expression.OGNLVariableExpressionEvaluator.evaluate(OGNLVariableExpressionEvaluator.java:191) ~[thymeleaf-3.0.11.RELEASE.jar:3.0.11.RELEASE]
	at org.thymeleaf.standard.expression.OGNLVariableExpressionEvaluator.evaluate(OGNLVariableExpressionEvaluator.java:95) ~[thymeleaf-3.0.11.RELEASE.jar:3.0.11.RELEASE]
	at org.thymeleaf.standard.expression.VariableExpression.executeVariableExpression(VariableExpression.java:166) ~[thymeleaf-3.0.11.RELEASE.jar:3.0.11.RELEASE]
	at org.thymeleaf.standard.expression.SimpleExpression.executeSimple(SimpleExpression.java:66) ~[thymeleaf-3.0.11.RELEASE.jar:3.0.11.RELEASE]
	at org.thymeleaf.standard.expression.Expression.execute(Expression.java:109) ~[thymeleaf-3.0.11.RELEASE.jar:3.0.11.RELEASE]
	at org.thymeleaf.standard.expression.Expression.execute(Expression.java:138) ~[thymeleaf-3.0.11.RELEASE.jar:3.0.11.RELEASE]
	at org.thymeleaf.standard.processor.AbstractStandardExpressionAttributeTagProcessor.doProcess(AbstractStandardExpressionAttributeTagProcessor.java:144) ~[thymeleaf-3.0.11.RELEASE.jar:3.0.11.RELEASE]
	at org.thymeleaf.processor.element.AbstractAttributeTagProcessor.doProcess(AbstractAttributeTagProcessor.java:74) ~[thymeleaf-3.0.11.RELEASE.jar:3.0.11.RELEASE]
	at org.thymeleaf.processor.element.AbstractElementTagProcessor.process(AbstractElementTagProcessor.java:95) ~[thymeleaf-3.0.11.RELEASE.jar:3.0.11.RELEASE]
	at org.thymeleaf.util.ProcessorConfigurationUtils$ElementTagProcessorWrapper.process(ProcessorConfigurationUtils.java:633) ~[thymeleaf-3.0.11.RELEASE.jar:3.0.11.RELEASE]
	at org.thymeleaf.engine.ProcessorTemplateHandler.handleOpenElement(ProcessorTemplateHandler.java:1314) ~[thymeleaf-3.0.11.RELEASE.jar:3.0.11.RELEASE]
	at org.thymeleaf.engine.OpenElementTag.beHandled(OpenElementTag.java:205) ~[thymeleaf-3.0.11.RELEASE.jar:3.0.11.RELEASE]
	at org.thymeleaf.engine.TemplateModel.process(TemplateModel.java:136) ~[thymeleaf-3.0.11.RELEASE.jar:3.0.11.RELEASE]
	at org.thymeleaf.engine.TemplateManager.parseAndProcess(TemplateManager.java:661) ~[thymeleaf-3.0.11.RELEASE.jar:3.0.11.RELEASE]
	at org.thymeleaf.TemplateEngine.process(TemplateEngine.java:1098) ~[thymeleaf-3.0.11.RELEASE.jar:3.0.11.RELEASE]
	at org.thymeleaf.TemplateEngine.process(TemplateEngine.java:1067) ~[thymeleaf-3.0.11.RELEASE.jar:3.0.11.RELEASE]
	at com.codecool.shop.controller.order.OrderConfirmationController.doGet(OrderConfirmationController.java:78) ~[classes/:na]
	at javax.servlet.http.HttpServlet.service(HttpServlet.java:687) ~[javax.servlet-api-3.1.0.jar:3.1.0]
	at javax.servlet.http.HttpServlet.service(HttpServlet.java:790) ~[javax.servlet-api-3.1.0.jar:3.1.0]
	at org.eclipse.jetty.servlet.ServletHolder$NotAsyncServlet.service(ServletHolder.java:1402) ~[na:na]
	at org.eclipse.jetty.servlet.ServletHolder.handle(ServletHolder.java:763) ~[na:na]
	at org.eclipse.jetty.servlet.ServletHandler$CachedChain.doFilter(ServletHandler.java:1631) ~[na:na]
	at org.eclipse.jetty.websocket.server.WebSocketUpgradeFilter.doFilter(WebSocketUpgradeFilter.java:226) ~[websocket-server-9.4.30.v20200611.jar:9.4.30.v20200611]
	at org.eclipse.jetty.servlet.ServletHandler$CachedChain.doFilter(ServletHandler.java:1618) ~[na:na]
	at org.eclipse.jetty.servlet.ServletHandler.doHandle(ServletHandler.java:549) ~[na:na]
	at org.eclipse.jetty.server.handler.ScopedHandler.handle(ScopedHandler.java:143) ~[na:na]
	at org.eclipse.jetty.security.SecurityHandler.handle(SecurityHandler.java:602) ~[na:na]
	at org.eclipse.jetty.server.handler.HandlerWrapper.handle(HandlerWrapper.java:127) ~[na:na]
	at org.eclipse.jetty.server.handler.ScopedHandler.nextHandle(ScopedHandler.java:235) ~[na:na]
	at org.eclipse.jetty.server.session.SessionHandler.doHandle(SessionHandler.java:1610) ~[na:na]
	at org.eclipse.jetty.server.handler.ScopedHandler.nextHandle(ScopedHandler.java:233) ~[na:na]
	at org.eclipse.jetty.server.handler.ContextHandler.doHandle(ContextHandler.java:1369) ~[na:na]
	at org.eclipse.jetty.server.handler.ScopedHandler.nextScope(ScopedHandler.java:188) ~[na:na]
	at org.eclipse.jetty.servlet.ServletHandler.doScope(ServletHandler.java:489) ~[na:na]
	at org.eclipse.jetty.server.session.SessionHandler.doScope(SessionHandler.java:1580) ~[na:na]
	at org.eclipse.jetty.server.handler.ScopedHandler.nextScope(ScopedHandler.java:186) ~[na:na]
	at org.eclipse.jetty.server.handler.ContextHandler.doScope(ContextHandler.java:1284) ~[na:na]
	at org.eclipse.jetty.server.handler.ScopedHandler.handle(ScopedHandler.java:141) ~[na:na]
	at org.eclipse.jetty.server.handler.ContextHandlerCollection.handle(ContextHandlerCollection.java:191) ~[na:na]
	at org.eclipse.jetty.server.handler.HandlerCollection.handle(HandlerCollection.java:146) ~[na:na]
	at org.eclipse.jetty.server.handler.HandlerWrapper.handle(HandlerWrapper.java:127) ~[na:na]
	at org.eclipse.jetty.server.Server.handle(Server.java:501) ~[na:na]
	at org.eclipse.jetty.server.HttpChannel.lambda$handle$1(HttpChannel.java:383) ~[na:na]
	at org.eclipse.jetty.server.HttpChannel.dispatch(HttpChannel.java:556) ~[na:na]
	at org.eclipse.jetty.server.HttpChannel.handle(HttpChannel.java:375) ~[na:na]
	at org.eclipse.jetty.server.HttpConnection.onFillable(HttpConnection.java:272) ~[na:na]
	at org.eclipse.jetty.io.AbstractConnection$ReadCallback.succeeded(AbstractConnection.java:311) ~[na:na]
	at org.eclipse.jetty.io.FillInterest.fillable(FillInterest.java:103) ~[na:na]
	at org.eclipse.jetty.io.ChannelEndPoint$1.run(ChannelEndPoint.java:104) ~[na:na]
	at org.eclipse.jetty.util.thread.strategy.EatWhatYouKill.runTask(EatWhatYouKill.java:336) ~[na:na]
	at org.eclipse.jetty.util.thread.strategy.EatWhatYouKill.doProduce(EatWhatYouKill.java:313) ~[na:na]
	at org.eclipse.jetty.util.thread.strategy.EatWhatYouKill.tryProduce(EatWhatYouKill.java:171) ~[na:na]
	at org.eclipse.jetty.util.thread.strategy.EatWhatYouKill.run(EatWhatYouKill.java:129) ~[na:na]
	at org.eclipse.jetty.util.thread.ReservedThreadExecutor$ReservedThread.run(ReservedThreadExecutor.java:375) ~[na:na]
	at org.eclipse.jetty.util.thread.QueuedThreadPool.runJob(QueuedThreadPool.java:806) ~[na:na]
	at org.eclipse.jetty.util.thread.QueuedThreadPool$Runner.run(QueuedThreadPool.java:938) ~[na:na]
	at java.base/java.lang.Thread.run(Thread.java:834) ~[na:na]
Caused by: java.lang.NullPointerException: target is null for method getName
	at ognl.OgnlRuntime.callMethod(OgnlRuntime.java:1613) ~[ognl-3.1.12.jar:na]
	at ognl.ASTMethod.getValueBody(ASTMethod.java:91) ~[ognl-3.1.12.jar:na]
	at ognl.SimpleNode.evaluateGetValueBody(SimpleNode.java:212) ~[ognl-3.1.12.jar:na]
	at ognl.SimpleNode.getValue(SimpleNode.java:258) ~[ognl-3.1.12.jar:na]
	at ognl.ASTChain.getValueBody(ASTChain.java:141) ~[ognl-3.1.12.jar:na]
	at ognl.SimpleNode.evaluateGetValueBody(SimpleNode.java:212) ~[ognl-3.1.12.jar:na]
	at ognl.SimpleNode.getValue(SimpleNode.java:258) ~[ognl-3.1.12.jar:na]
	at ognl.Ognl.getValue(Ognl.java:467) ~[ognl-3.1.12.jar:na]
	at ognl.Ognl.getValue(Ognl.java:431) ~[ognl-3.1.12.jar:na]
	at org.thymeleaf.standard.expression.OGNLVariableExpressionEvaluator.executeExpression(OGNLVariableExpressionEvaluator.java:316) ~[thymeleaf-3.0.11.RELEASE.jar:3.0.11.RELEASE]
	at org.thymeleaf.standard.expression.OGNLVariableExpressionEvaluator.evaluate(OGNLVariableExpressionEvaluator.java:170) ~[thymeleaf-3.0.11.RELEASE.jar:3.0.11.RELEASE]
	... 56 common frames omitted
23:42:27 [qtp880282841-24] ERROR org.thymeleaf.TemplateEngine - [THYMELEAF][qtp880282841-24] Exception processing template "order/order-confirmation.html": Exception evaluating OGNL expression: "order.getBillingAddress().getName()" (template: "order/order-confirmation.html" - line 41, col 42)
org.thymeleaf.exceptions.TemplateProcessingException: Exception evaluating OGNL expression: "order.getBillingAddress().getName()" (template: "order/order-confirmation.html" - line 41, col 42)
	at org.thymeleaf.standard.expression.OGNLVariableExpressionEvaluator.evaluate(OGNLVariableExpressionEvaluator.java:191) ~[thymeleaf-3.0.11.RELEASE.jar:3.0.11.RELEASE]
	at org.thymeleaf.standard.expression.OGNLVariableExpressionEvaluator.evaluate(OGNLVariableExpressionEvaluator.java:95) ~[thymeleaf-3.0.11.RELEASE.jar:3.0.11.RELEASE]
	at org.thymeleaf.standard.expression.VariableExpression.executeVariableExpression(VariableExpression.java:166) ~[thymeleaf-3.0.11.RELEASE.jar:3.0.11.RELEASE]
	at org.thymeleaf.standard.expression.SimpleExpression.executeSimple(SimpleExpression.java:66) ~[thymeleaf-3.0.11.RELEASE.jar:3.0.11.RELEASE]
	at org.thymeleaf.standard.expression.Expression.execute(Expression.java:109) ~[thymeleaf-3.0.11.RELEASE.jar:3.0.11.RELEASE]
	at org.thymeleaf.standard.expression.Expression.execute(Expression.java:138) ~[thymeleaf-3.0.11.RELEASE.jar:3.0.11.RELEASE]
	at org.thymeleaf.standard.processor.AbstractStandardExpressionAttributeTagProcessor.doProcess(AbstractStandardExpressionAttributeTagProcessor.java:144) ~[thymeleaf-3.0.11.RELEASE.jar:3.0.11.RELEASE]
	at org.thymeleaf.processor.element.AbstractAttributeTagProcessor.doProcess(AbstractAttributeTagProcessor.java:74) ~[thymeleaf-3.0.11.RELEASE.jar:3.0.11.RELEASE]
	at org.thymeleaf.processor.element.AbstractElementTagProcessor.process(AbstractElementTagProcessor.java:95) ~[thymeleaf-3.0.11.RELEASE.jar:3.0.11.RELEASE]
	at org.thymeleaf.util.ProcessorConfigurationUtils$ElementTagProcessorWrapper.process(ProcessorConfigurationUtils.java:633) ~[thymeleaf-3.0.11.RELEASE.jar:3.0.11.RELEASE]
	at org.thymeleaf.engine.ProcessorTemplateHandler.handleOpenElement(ProcessorTemplateHandler.java:1314) ~[thymeleaf-3.0.11.RELEASE.jar:3.0.11.RELEASE]
	at org.thymeleaf.engine.OpenElementTag.beHandled(OpenElementTag.java:205) ~[thymeleaf-3.0.11.RELEASE.jar:3.0.11.RELEASE]
	at org.thymeleaf.engine.TemplateModel.process(TemplateModel.java:136) ~[thymeleaf-3.0.11.RELEASE.jar:3.0.11.RELEASE]
	at org.thymeleaf.engine.TemplateManager.parseAndProcess(TemplateManager.java:592) ~[thymeleaf-3.0.11.RELEASE.jar:3.0.11.RELEASE]
	at org.thymeleaf.TemplateEngine.process(TemplateEngine.java:1098) ~[thymeleaf-3.0.11.RELEASE.jar:3.0.11.RELEASE]
	at org.thymeleaf.TemplateEngine.process(TemplateEngine.java:1067) ~[thymeleaf-3.0.11.RELEASE.jar:3.0.11.RELEASE]
	at com.codecool.shop.controller.order.OrderConfirmationController.doGet(OrderConfirmationController.java:78) ~[classes/:na]
	at javax.servlet.http.HttpServlet.service(HttpServlet.java:687) ~[javax.servlet-api-3.1.0.jar:3.1.0]
	at javax.servlet.http.HttpServlet.service(HttpServlet.java:790) ~[javax.servlet-api-3.1.0.jar:3.1.0]
	at org.eclipse.jetty.servlet.ServletHolder$NotAsyncServlet.service(ServletHolder.java:1402) ~[na:na]
	at org.eclipse.jetty.servlet.ServletHolder.handle(ServletHolder.java:763) ~[na:na]
	at org.eclipse.jetty.servlet.ServletHandler$CachedChain.doFilter(ServletHandler.java:1631) ~[na:na]
	at org.eclipse.jetty.websocket.server.WebSocketUpgradeFilter.doFilter(WebSocketUpgradeFilter.java:226) ~[websocket-server-9.4.30.v20200611.jar:9.4.30.v20200611]
	at org.eclipse.jetty.servlet.ServletHandler$CachedChain.doFilter(ServletHandler.java:1618) ~[na:na]
	at org.eclipse.jetty.servlet.ServletHandler.doHandle(ServletHandler.java:549) ~[na:na]
	at org.eclipse.jetty.server.handler.ScopedHandler.handle(ScopedHandler.java:143) ~[na:na]
	at org.eclipse.jetty.security.SecurityHandler.handle(SecurityHandler.java:602) ~[na:na]
	at org.eclipse.jetty.server.handler.HandlerWrapper.handle(HandlerWrapper.java:127) ~[na:na]
	at org.eclipse.jetty.server.handler.ScopedHandler.nextHandle(ScopedHandler.java:235) ~[na:na]
	at org.eclipse.jetty.server.session.SessionHandler.doHandle(SessionHandler.java:1610) ~[na:na]
	at org.eclipse.jetty.server.handler.ScopedHandler.nextHandle(ScopedHandler.java:233) ~[na:na]
	at org.eclipse.jetty.server.handler.ContextHandler.doHandle(ContextHandler.java:1369) ~[na:na]
	at org.eclipse.jetty.server.handler.ScopedHandler.nextScope(ScopedHandler.java:188) ~[na:na]
	at org.eclipse.jetty.servlet.ServletHandler.doScope(ServletHandler.java:489) ~[na:na]
	at org.eclipse.jetty.server.session.SessionHandler.doScope(SessionHandler.java:1580) ~[na:na]
	at org.eclipse.jetty.server.handler.ScopedHandler.nextScope(ScopedHandler.java:186) ~[na:na]
	at org.eclipse.jetty.server.handler.ContextHandler.doScope(ContextHandler.java:1284) ~[na:na]
	at org.eclipse.jetty.server.handler.ScopedHandler.handle(ScopedHandler.java:141) ~[na:na]
	at org.eclipse.jetty.server.handler.ContextHandlerCollection.handle(ContextHandlerCollection.java:191) ~[na:na]
	at org.eclipse.jetty.server.handler.HandlerCollection.handle(HandlerCollection.java:146) ~[na:na]
	at org.eclipse.jetty.server.handler.HandlerWrapper.handle(HandlerWrapper.java:127) ~[na:na]
	at org.eclipse.jetty.server.Server.handle(Server.java:501) ~[na:na]
	at org.eclipse.jetty.server.HttpChannel.lambda$handle$1(HttpChannel.java:383) ~[na:na]
	at org.eclipse.jetty.server.HttpChannel.dispatch(HttpChannel.java:556) ~[na:na]
	at org.eclipse.jetty.server.HttpChannel.handle(HttpChannel.java:375) ~[na:na]
	at org.eclipse.jetty.server.HttpConnection.onFillable(HttpConnection.java:272) ~[na:na]
	at org.eclipse.jetty.io.AbstractConnection$ReadCallback.succeeded(AbstractConnection.java:311) ~[na:na]
	at org.eclipse.jetty.io.FillInterest.fillable(FillInterest.java:103) ~[na:na]
	at org.eclipse.jetty.io.ChannelEndPoint$1.run(ChannelEndPoint.java:104) ~[na:na]
	at org.eclipse.jetty.util.thread.strategy.EatWhatYouKill.runTask(EatWhatYouKill.java:336) ~[na:na]
	at org.eclipse.jetty.util.thread.strategy.EatWhatYouKill.doProduce(EatWhatYouKill.java:313) ~[na:na]
	at org.eclipse.jetty.util.thread.strategy.EatWhatYouKill.tryProduce(EatWhatYouKill.java:171) ~[na:na]
	at org.eclipse.jetty.util.thread.strategy.EatWhatYouKill.run(EatWhatYouKill.java:129) ~[na:na]
	at org.eclipse.jetty.util.thread.ReservedThreadExecutor$ReservedThread.run(ReservedThreadExecutor.java:375) ~[na:na]
	at org.eclipse.jetty.util.thread.QueuedThreadPool.runJob(QueuedThreadPool.java:806) ~[na:na]
	at org.eclipse.jetty.util.thread.QueuedThreadPool$Runner.run(QueuedThreadPool.java:938) ~[na:na]
	at java.base/java.lang.Thread.run(Thread.java:834) ~[na:na]
Caused by: java.lang.NullPointerException: target is null for method getName
	at ognl.OgnlRuntime.callMethod(OgnlRuntime.java:1613) ~[ognl-3.1.12.jar:na]
	at ognl.ASTMethod.getValueBody(ASTMethod.java:91) ~[ognl-3.1.12.jar:na]
	at ognl.SimpleNode.evaluateGetValueBody(SimpleNode.java:212) ~[ognl-3.1.12.jar:na]
	at ognl.SimpleNode.getValue(SimpleNode.java:258) ~[ognl-3.1.12.jar:na]
	at ognl.ASTChain.getValueBody(ASTChain.java:141) ~[ognl-3.1.12.jar:na]
	at ognl.SimpleNode.evaluateGetValueBody(SimpleNode.java:212) ~[ognl-3.1.12.jar:na]
	at ognl.SimpleNode.getValue(SimpleNode.java:258) ~[ognl-3.1.12.jar:na]
	at ognl.Ognl.getValue(Ognl.java:467) ~[ognl-3.1.12.jar:na]
	at ognl.Ognl.getValue(Ognl.java:431) ~[ognl-3.1.12.jar:na]
	at org.thymeleaf.standard.expression.OGNLVariableExpressionEvaluator.executeExpression(OGNLVariableExpressionEvaluator.java:316) ~[thymeleaf-3.0.11.RELEASE.jar:3.0.11.RELEASE]
	at org.thymeleaf.standard.expression.OGNLVariableExpressionEvaluator.evaluate(OGNLVariableExpressionEvaluator.java:170) ~[thymeleaf-3.0.11.RELEASE.jar:3.0.11.RELEASE]
	... 56 common frames omitted
